TN:
SF:src/cli/bin/secrets/vault/list_secrets.rs
FN:25,<mk::secrets::vault::list_secrets::ListSecrets>::execute
FN:25,<mk::secrets::vault::list_secrets::ListSecrets>::execute
FNDA:0,<mk::secrets::vault::list_secrets::ListSecrets>::execute
FNDA:0,<mk::secrets::vault::list_secrets::ListSecrets>::execute
FNF:2
FNH:0
BRF:0
BRH:0
DA:25,0
DA:26,0
DA:27,0
DA:28,0
DA:29,0
DA:30,0
DA:31,0
DA:32,0
DA:33,0
DA:34,0
DA:35,0
DA:36,0
DA:37,0
DA:38,0
DA:40,0
DA:41,0
DA:42,0
DA:44,0
DA:45,0
DA:46,0
DA:48,0
DA:49,0
DA:50,0
DA:51,0
DA:52,0
DA:54,0
DA:55,0
LF:27
LH:0
end_of_record
SF:src/schema/validation.rs
FN:850,mk_lib::schema::validation::command_uses_dynamic_runtime_inputs::{closure#6}
FN:81,<mk_lib::schema::validation::ValidationReport>::sort_issues::{closure#0}::{closure#1}
FN:71,<mk_lib::schema::validation::ValidationReport>::sort_issues::{closure#0}
FN:753,mk_lib::schema::validation::validate_secret_field_conflict::<alloc::vec::Vec<alloc::string::String>>
FN:712,<mk_lib::schema::task_root::TaskRoot>::detect_cycle
FN:146,<mk_lib::schema::task_root::TaskRoot>::validate_task
FN:70,<mk_lib::schema::validation::ValidationReport>::sort_issues
FN:535,<mk_lib::schema::task_root::TaskRoot>::validate_command_outputs
FN:753,mk_lib::schema::validation::validate_secret_field_conflict::<alloc::vec::Vec<alloc::string::String>>
FN:324,<mk_lib::schema::task_root::TaskRoot>::validate_secret_setting_combinations::{closure#1}
FN:45,<mk_lib::schema::validation::ValidationReport>::push_error::<alloc::string::String>
FN:723,<mk_lib::schema::task_root::TaskRoot>::detect_cycle::{closure#0}
FN:1109,mk_lib::schema::validation::tests::test_validate_allows_valid_labels::{closure#0}
FN:832,mk_lib::schema::validation::command_uses_dynamic_runtime_inputs::{closure#4}
FN:784,mk_lib::schema::validation::command_uses_task_outputs::{closure#0}
FN:621,<mk_lib::schema::task_root::TaskRoot>::validate_use_npm
FN:433,<mk_lib::schema::task_root::TaskRoot>::validate_command
FN:791,mk_lib::schema::validation::task_uses_dynamic_runtime_inputs
FN:67,<mk_lib::schema::validation::ValidationReport>::has_errors::{closure#0}
FN:864,mk_lib::schema::validation::contains_dynamic_runtime_fragment
FN:850,mk_lib::schema::validation::command_uses_dynamic_runtime_inputs::{closure#6}
FN:1003,mk_lib::schema::validation::tests::test_validate_rejects_conflicting_legacy_and_secrets_block_values
FN:70,<mk_lib::schema::validation::ValidationReport>::sort_issues
FN:327,<mk_lib::schema::task_root::TaskRoot>::validate_secret_setting_combinations::{closure#2}
FN:146,<mk_lib::schema::task_root::TaskRoot>::validate_task
FN:641,<mk_lib::schema::task_root::TaskRoot>::validate_use_cargo
FN:629,<mk_lib::schema::task_root::TaskRoot>::validate_use_npm::{closure#0}
FN:814,mk_lib::schema::validation::command_uses_dynamic_runtime_inputs::{closure#1}
FN:841,mk_lib::schema::validation::command_uses_dynamic_runtime_inputs::{closure#5}
FN:45,<mk_lib::schema::validation::ValidationReport>::push_error::<&str>
FN:881,mk_lib::schema::validation::tests::has_error::{closure#0}
FN:54,<mk_lib::schema::validation::ValidationReport>::push_warning::<&str>
FN:1026,mk_lib::schema::validation::tests::has_warning::{closure#0}
FN:318,<mk_lib::schema::task_root::TaskRoot>::validate_secret_setting_combinations::{closure#0}
FN:535,<mk_lib::schema::task_root::TaskRoot>::validate_command_outputs
FN:776,mk_lib::schema::validation::command_uses_task_outputs
FN:74,<mk_lib::schema::validation::ValidationReport>::sort_issues::{closure#0}::{closure#0}
FN:860,mk_lib::schema::validation::precondition_uses_dynamic_runtime_inputs
FN:911,mk_lib::schema::validation::tests::test_validate_rejects_gpg_backend_without_gpg_key_id
FN:818,mk_lib::schema::validation::command_uses_dynamic_runtime_inputs::{closure#2}
FN:872,mk_lib::schema::validation::has_default_containerfile
FN:286,<mk_lib::schema::task_root::TaskRoot>::validate_labels
FN:93,mk_lib::schema::validation::severity_rank
FN:71,<mk_lib::schema::validation::ValidationReport>::sort_issues::{closure#0}
FN:116,<mk_lib::schema::task_root::TaskRoot>::validate_root
FN:88,<mk_lib::schema::validation::ValidationReport>::sort_issues::{closure#0}::{closure#2}
FN:318,<mk_lib::schema::task_root::TaskRoot>::validate_secret_setting_combinations::{closure#0}
FN:678,<mk_lib::schema::task_root::TaskRoot>::validate_includes
FN:81,<mk_lib::schema::validation::ValidationReport>::sort_issues::{closure#0}::{closure#1}
FN:799,mk_lib::schema::validation::command_uses_dynamic_runtime_inputs
FN:660,<mk_lib::schema::task_root::TaskRoot>::validate_runtime
FN:368,<mk_lib::schema::task_root::TaskRoot>::validate_legacy_secret_conflicts
FN:956,mk_lib::schema::validation::tests::test_validate_allows_pgp_backend_without_keys_location_when_default_applies
FN:703,<mk_lib::schema::task_root::TaskRoot>::validate_cycles
FN:74,<mk_lib::schema::validation::ValidationReport>::sort_issues::{closure#0}::{closure#0}
FN:799,mk_lib::schema::validation::command_uses_dynamic_runtime_inputs
FN:860,mk_lib::schema::validation::precondition_uses_dynamic_runtime_inputs
FN:1052,mk_lib::schema::validation::tests::test_validate_warns_on_empty_label_value
FN:880,mk_lib::schema::validation::tests::has_error
FN:807,mk_lib::schema::validation::command_uses_dynamic_runtime_inputs::{closure#0}
FN:54,<mk_lib::schema::validation::ValidationReport>::push_warning::<&str>
FN:818,mk_lib::schema::validation::command_uses_dynamic_runtime_inputs::{closure#2}
FN:703,<mk_lib::schema::task_root::TaskRoot>::validate_cycles
FN:45,<mk_lib::schema::validation::ValidationReport>::push_error::<&str>
FN:544,<mk_lib::schema::task_root::TaskRoot>::validate_command_outputs::{closure#2}
FN:807,mk_lib::schema::validation::command_uses_dynamic_runtime_inputs::{closure#0}
FN:772,mk_lib::schema::validation::pgp_default_keys_location_applies
FN:933,mk_lib::schema::validation::tests::test_validate_rejects_pgp_backend_without_key_name
FN:539,<mk_lib::schema::task_root::TaskRoot>::validate_command_outputs::{closure#0}
FN:835,mk_lib::schema::validation::command_uses_dynamic_runtime_inputs::{closure#4}::{closure#0}
FN:814,mk_lib::schema::validation::command_uses_dynamic_runtime_inputs::{closure#1}
FN:784,mk_lib::schema::validation::command_uses_task_outputs::{closure#0}
FN:841,mk_lib::schema::validation::command_uses_dynamic_runtime_inputs::{closure#5}
FN:1092,mk_lib::schema::validation::tests::test_validate_allows_valid_labels
FN:723,<mk_lib::schema::task_root::TaskRoot>::detect_cycle::{closure#0}
FN:324,<mk_lib::schema::task_root::TaskRoot>::validate_secret_setting_combinations::{closure#1}
FN:776,mk_lib::schema::validation::command_uses_task_outputs
FN:872,mk_lib::schema::validation::has_default_containerfile
FN:416,<mk_lib::schema::task_root::TaskRoot>::validate_legacy_secret_settings_usage
FN:54,<mk_lib::schema::validation::ValidationReport>::push_warning::<alloc::string::String>
FN:889,mk_lib::schema::validation::tests::test_validate_retrigger_requires_non_interactive_local_run
FN:630,<mk_lib::schema::task_root::TaskRoot>::validate_use_npm::{closure#1}
FN:712,<mk_lib::schema::task_root::TaskRoot>::detect_cycle
FN:621,<mk_lib::schema::task_root::TaskRoot>::validate_use_npm
FN:308,<mk_lib::schema::task_root::TaskRoot>::validate_secret_setting_combinations
FN:67,<mk_lib::schema::validation::ValidationReport>::has_errors::{closure#0}
FN:827,mk_lib::schema::validation::command_uses_dynamic_runtime_inputs::{closure#3}
FN:630,<mk_lib::schema::task_root::TaskRoot>::validate_use_npm::{closure#1}
FN:827,mk_lib::schema::validation::command_uses_dynamic_runtime_inputs::{closure#3}
FN:853,mk_lib::schema::validation::command_uses_dynamic_runtime_inputs::{closure#6}::{closure#0}
FN:101,<mk_lib::schema::task_root::TaskRoot>::validate
FN:835,mk_lib::schema::validation::command_uses_dynamic_runtime_inputs::{closure#4}::{closure#0}
FN:544,<mk_lib::schema::task_root::TaskRoot>::validate_command_outputs::{closure#2}
FN:101,<mk_lib::schema::task_root::TaskRoot>::validate
FN:210,<mk_lib::schema::task_root::TaskRoot>::validate_task::{closure#0}
FN:93,mk_lib::schema::validation::severity_rank
FN:902,mk_lib::schema::validation::tests::test_validate_retrigger_requires_non_interactive_local_run::{closure#0}
FN:832,mk_lib::schema::validation::command_uses_dynamic_runtime_inputs::{closure#4}
FN:210,<mk_lib::schema::task_root::TaskRoot>::validate_task::{closure#0}
FN:416,<mk_lib::schema::task_root::TaskRoot>::validate_legacy_secret_settings_usage
FN:308,<mk_lib::schema::task_root::TaskRoot>::validate_secret_setting_combinations
FN:1138,mk_lib::schema::validation::tests::test_validate_does_not_warn_for_cached_dynamic_command_with_inputs
FN:543,<mk_lib::schema::task_root::TaskRoot>::validate_command_outputs::{closure#1}
FN:543,<mk_lib::schema::task_root::TaskRoot>::validate_command_outputs::{closure#1}
FN:433,<mk_lib::schema::task_root::TaskRoot>::validate_command
FN:63,<mk_lib::schema::validation::ValidationReport>::has_errors
FN:791,mk_lib::schema::validation::task_uses_dynamic_runtime_inputs
FN:753,mk_lib::schema::validation::validate_secret_field_conflict::<alloc::string::String>
FN:641,<mk_lib::schema::task_root::TaskRoot>::validate_use_cargo
FN:1070,mk_lib::schema::validation::tests::test_validate_warns_on_reserved_mk_prefix
FN:660,<mk_lib::schema::task_root::TaskRoot>::validate_runtime
FN:864,mk_lib::schema::validation::contains_dynamic_runtime_fragment
FN:978,mk_lib::schema::validation::tests::test_validate_rejects_gpg_backend_with_pgp_only_settings
FN:844,mk_lib::schema::validation::command_uses_dynamic_runtime_inputs::{closure#5}::{closure#0}
FN:286,<mk_lib::schema::task_root::TaskRoot>::validate_labels
FN:116,<mk_lib::schema::task_root::TaskRoot>::validate_root
FN:54,<mk_lib::schema::validation::ValidationReport>::push_warning::<alloc::string::String>
FN:88,<mk_lib::schema::validation::ValidationReport>::sort_issues::{closure#0}::{closure#2}
FN:1114,mk_lib::schema::validation::tests::test_validate_warns_for_cached_dynamic_command_without_inputs
FN:678,<mk_lib::schema::task_root::TaskRoot>::validate_includes
FN:63,<mk_lib::schema::validation::ValidationReport>::has_errors
FN:1034,mk_lib::schema::validation::tests::test_validate_warns_on_empty_label_key
FN:45,<mk_lib::schema::validation::ValidationReport>::push_error::<alloc::string::String>
FN:327,<mk_lib::schema::task_root::TaskRoot>::validate_secret_setting_combinations::{closure#2}
FN:539,<mk_lib::schema::task_root::TaskRoot>::validate_command_outputs::{closure#0}
FN:844,mk_lib::schema::validation::command_uses_dynamic_runtime_inputs::{closure#5}::{closure#0}
FN:973,mk_lib::schema::validation::tests::test_validate_allows_pgp_backend_without_keys_location_when_default_applies::{closure#0}
FN:368,<mk_lib::schema::task_root::TaskRoot>::validate_legacy_secret_conflicts
FN:753,mk_lib::schema::validation::validate_secret_field_conflict::<alloc::string::String>
FN:629,<mk_lib::schema::task_root::TaskRoot>::validate_use_npm::{closure#0}
FN:1025,mk_lib::schema::validation::tests::has_warning
FN:772,mk_lib::schema::validation::pgp_default_keys_location_applies
FN:853,mk_lib::schema::validation::command_uses_dynamic_runtime_inputs::{closure#6}::{closure#0}
FNDA:0,mk_lib::schema::validation::command_uses_dynamic_runtime_inputs::{closure#6}
FNDA:0,<mk_lib::schema::validation::ValidationReport>::sort_issues::{closure#0}::{closure#1}
FNDA:1,<mk_lib::schema::validation::ValidationReport>::sort_issues::{closure#0}
FNDA:0,mk_lib::schema::validation::validate_secret_field_conflict::<alloc::vec::Vec<alloc::string::String>>
FNDA:1,<mk_lib::schema::task_root::TaskRoot>::detect_cycle
FNDA:1,<mk_lib::schema::task_root::TaskRoot>::validate_task
FNDA:1,<mk_lib::schema::validation::ValidationReport>::sort_issues
FNDA:1,<mk_lib::schema::task_root::TaskRoot>::validate_command_outputs
FNDA:1,mk_lib::schema::validation::validate_secret_field_conflict::<alloc::vec::Vec<alloc::string::String>>
FNDA:0,<mk_lib::schema::task_root::TaskRoot>::validate_secret_setting_combinations::{closure#1}
FNDA:1,<mk_lib::schema::validation::ValidationReport>::push_error::<alloc::string::String>
FNDA:0,<mk_lib::schema::task_root::TaskRoot>::detect_cycle::{closure#0}
FNDA:0,mk_lib::schema::validation::tests::test_validate_allows_valid_labels::{closure#0}
FNDA:0,mk_lib::schema::validation::command_uses_dynamic_runtime_inputs::{closure#4}
FNDA:0,mk_lib::schema::validation::command_uses_task_outputs::{closure#0}
FNDA:0,<mk_lib::schema::task_root::TaskRoot>::validate_use_npm
FNDA:1,<mk_lib::schema::task_root::TaskRoot>::validate_command
FNDA:1,mk_lib::schema::validation::task_uses_dynamic_runtime_inputs
FNDA:0,<mk_lib::schema::validation::ValidationReport>::has_errors::{closure#0}
FNDA:1,mk_lib::schema::validation::contains_dynamic_runtime_fragment
FNDA:0,mk_lib::schema::validation::command_uses_dynamic_runtime_inputs::{closure#6}
FNDA:1,mk_lib::schema::validation::tests::test_validate_rejects_conflicting_legacy_and_secrets_block_values
FNDA:1,<mk_lib::schema::validation::ValidationReport>::sort_issues
FNDA:1,<mk_lib::schema::task_root::TaskRoot>::validate_secret_setting_combinations::{closure#2}
FNDA:1,<mk_lib::schema::task_root::TaskRoot>::validate_task
FNDA:0,<mk_lib::schema::task_root::TaskRoot>::validate_use_cargo
FNDA:0,<mk_lib::schema::task_root::TaskRoot>::validate_use_npm::{closure#0}
FNDA:0,mk_lib::schema::validation::command_uses_dynamic_runtime_inputs::{closure#1}
FNDA:0,mk_lib::schema::validation::command_uses_dynamic_runtime_inputs::{closure#5}
FNDA:1,<mk_lib::schema::validation::ValidationReport>::push_error::<&str>
FNDA:1,mk_lib::schema::validation::tests::has_error::{closure#0}
FNDA:1,<mk_lib::schema::validation::ValidationReport>::push_warning::<&str>
FNDA:1,mk_lib::schema::validation::tests::has_warning::{closure#0}
FNDA:1,<mk_lib::schema::task_root::TaskRoot>::validate_secret_setting_combinations::{closure#0}
FNDA:1,<mk_lib::schema::task_root::TaskRoot>::validate_command_outputs
FNDA:0,mk_lib::schema::validation::command_uses_task_outputs
FNDA:0,<mk_lib::schema::validation::ValidationReport>::sort_issues::{closure#0}::{closure#0}
FNDA:0,mk_lib::schema::validation::precondition_uses_dynamic_runtime_inputs
FNDA:1,mk_lib::schema::validation::tests::test_validate_rejects_gpg_backend_without_gpg_key_id
FNDA:0,mk_lib::schema::validation::command_uses_dynamic_runtime_inputs::{closure#2}
FNDA:0,mk_lib::schema::validation::has_default_containerfile
FNDA:1,<mk_lib::schema::task_root::TaskRoot>::validate_labels
FNDA:1,mk_lib::schema::validation::severity_rank
FNDA:1,<mk_lib::schema::validation::ValidationReport>::sort_issues::{closure#0}
FNDA:1,<mk_lib::schema::task_root::TaskRoot>::validate_root
FNDA:0,<mk_lib::schema::validation::ValidationReport>::sort_issues::{closure#0}::{closure#2}
FNDA:1,<mk_lib::schema::task_root::TaskRoot>::validate_secret_setting_combinations::{closure#0}
FNDA:0,<mk_lib::schema::task_root::TaskRoot>::validate_includes
FNDA:1,<mk_lib::schema::validation::ValidationReport>::sort_issues::{closure#0}::{closure#1}
FNDA:1,mk_lib::schema::validation::command_uses_dynamic_runtime_inputs
FNDA:1,<mk_lib::schema::task_root::TaskRoot>::validate_runtime
FNDA:1,<mk_lib::schema::task_root::TaskRoot>::validate_legacy_secret_conflicts
FNDA:1,mk_lib::schema::validation::tests::test_validate_allows_pgp_backend_without_keys_location_when_default_applies
FNDA:1,<mk_lib::schema::task_root::TaskRoot>::validate_cycles
FNDA:1,<mk_lib::schema::validation::ValidationReport>::sort_issues::{closure#0}::{closure#0}
FNDA:1,mk_lib::schema::validation::command_uses_dynamic_runtime_inputs
FNDA:0,mk_lib::schema::validation::precondition_uses_dynamic_runtime_inputs
FNDA:1,mk_lib::schema::validation::tests::test_validate_warns_on_empty_label_value
FNDA:1,mk_lib::schema::validation::tests::has_error
FNDA:0,mk_lib::schema::validation::command_uses_dynamic_runtime_inputs::{closure#0}
FNDA:1,<mk_lib::schema::validation::ValidationReport>::push_warning::<&str>
FNDA:0,mk_lib::schema::validation::command_uses_dynamic_runtime_inputs::{closure#2}
FNDA:1,<mk_lib::schema::task_root::TaskRoot>::validate_cycles
FNDA:1,<mk_lib::schema::validation::ValidationReport>::push_error::<&str>
FNDA:0,<mk_lib::schema::task_root::TaskRoot>::validate_command_outputs::{closure#2}
FNDA:0,mk_lib::schema::validation::command_uses_dynamic_runtime_inputs::{closure#0}
FNDA:1,mk_lib::schema::validation::pgp_default_keys_location_applies
FNDA:1,mk_lib::schema::validation::tests::test_validate_rejects_pgp_backend_without_key_name
FNDA:1,<mk_lib::schema::task_root::TaskRoot>::validate_command_outputs::{closure#0}
FNDA:0,mk_lib::schema::validation::command_uses_dynamic_runtime_inputs::{closure#4}::{closure#0}
FNDA:0,mk_lib::schema::validation::command_uses_dynamic_runtime_inputs::{closure#1}
FNDA:0,mk_lib::schema::validation::command_uses_task_outputs::{closure#0}
FNDA:0,mk_lib::schema::validation::command_uses_dynamic_runtime_inputs::{closure#5}
FNDA:1,mk_lib::schema::validation::tests::test_validate_allows_valid_labels
FNDA:1,<mk_lib::schema::task_root::TaskRoot>::detect_cycle::{closure#0}
FNDA:1,<mk_lib::schema::task_root::TaskRoot>::validate_secret_setting_combinations::{closure#1}
FNDA:1,mk_lib::schema::validation::command_uses_task_outputs
FNDA:0,mk_lib::schema::validation::has_default_containerfile
FNDA:1,<mk_lib::schema::task_root::TaskRoot>::validate_legacy_secret_settings_usage
FNDA:1,<mk_lib::schema::validation::ValidationReport>::push_warning::<alloc::string::String>
FNDA:1,mk_lib::schema::validation::tests::test_validate_retrigger_requires_non_interactive_local_run
FNDA:0,<mk_lib::schema::task_root::TaskRoot>::validate_use_npm::{closure#1}
FNDA:1,<mk_lib::schema::task_root::TaskRoot>::detect_cycle
FNDA:0,<mk_lib::schema::task_root::TaskRoot>::validate_use_npm
FNDA:1,<mk_lib::schema::task_root::TaskRoot>::validate_secret_setting_combinations
FNDA:1,<mk_lib::schema::validation::ValidationReport>::has_errors::{closure#0}
FNDA:0,mk_lib::schema::validation::command_uses_dynamic_runtime_inputs::{closure#3}
FNDA:0,<mk_lib::schema::task_root::TaskRoot>::validate_use_npm::{closure#1}
FNDA:0,mk_lib::schema::validation::command_uses_dynamic_runtime_inputs::{closure#3}
FNDA:0,mk_lib::schema::validation::command_uses_dynamic_runtime_inputs::{closure#6}::{closure#0}
FNDA:1,<mk_lib::schema::task_root::TaskRoot>::validate
FNDA:0,mk_lib::schema::validation::command_uses_dynamic_runtime_inputs::{closure#4}::{closure#0}
FNDA:1,<mk_lib::schema::task_root::TaskRoot>::validate_command_outputs::{closure#2}
FNDA:1,<mk_lib::schema::task_root::TaskRoot>::validate
FNDA:0,<mk_lib::schema::task_root::TaskRoot>::validate_task::{closure#0}
FNDA:1,mk_lib::schema::validation::severity_rank
FNDA:1,mk_lib::schema::validation::tests::test_validate_retrigger_requires_non_interactive_local_run::{closure#0}
FNDA:0,mk_lib::schema::validation::command_uses_dynamic_runtime_inputs::{closure#4}
FNDA:0,<mk_lib::schema::task_root::TaskRoot>::validate_task::{closure#0}
FNDA:1,<mk_lib::schema::task_root::TaskRoot>::validate_legacy_secret_settings_usage
FNDA:1,<mk_lib::schema::task_root::TaskRoot>::validate_secret_setting_combinations
FNDA:1,mk_lib::schema::validation::tests::test_validate_does_not_warn_for_cached_dynamic_command_with_inputs
FNDA:1,<mk_lib::schema::task_root::TaskRoot>::validate_command_outputs::{closure#1}
FNDA:0,<mk_lib::schema::task_root::TaskRoot>::validate_command_outputs::{closure#1}
FNDA:1,<mk_lib::schema::task_root::TaskRoot>::validate_command
FNDA:0,<mk_lib::schema::validation::ValidationReport>::has_errors
FNDA:1,mk_lib::schema::validation::task_uses_dynamic_runtime_inputs
FNDA:0,mk_lib::schema::validation::validate_secret_field_conflict::<alloc::string::String>
FNDA:0,<mk_lib::schema::task_root::TaskRoot>::validate_use_cargo
FNDA:1,mk_lib::schema::validation::tests::test_validate_warns_on_reserved_mk_prefix
FNDA:1,<mk_lib::schema::task_root::TaskRoot>::validate_runtime
FNDA:1,mk_lib::schema::validation::contains_dynamic_runtime_fragment
FNDA:1,mk_lib::schema::validation::tests::test_validate_rejects_gpg_backend_with_pgp_only_settings
FNDA:0,mk_lib::schema::validation::command_uses_dynamic_runtime_inputs::{closure#5}::{closure#0}
FNDA:1,<mk_lib::schema::task_root::TaskRoot>::validate_labels
FNDA:1,<mk_lib::schema::task_root::TaskRoot>::validate_root
FNDA:0,<mk_lib::schema::validation::ValidationReport>::push_warning::<alloc::string::String>
FNDA:0,<mk_lib::schema::validation::ValidationReport>::sort_issues::{closure#0}::{closure#2}
FNDA:1,mk_lib::schema::validation::tests::test_validate_warns_for_cached_dynamic_command_without_inputs
FNDA:0,<mk_lib::schema::task_root::TaskRoot>::validate_includes
FNDA:1,<mk_lib::schema::validation::ValidationReport>::has_errors
FNDA:1,mk_lib::schema::validation::tests::test_validate_warns_on_empty_label_key
FNDA:1,<mk_lib::schema::validation::ValidationReport>::push_error::<alloc::string::String>
FNDA:0,<mk_lib::schema::task_root::TaskRoot>::validate_secret_setting_combinations::{closure#2}
FNDA:1,<mk_lib::schema::task_root::TaskRoot>::validate_command_outputs::{closure#0}
FNDA:0,mk_lib::schema::validation::command_uses_dynamic_runtime_inputs::{closure#5}::{closure#0}
FNDA:0,mk_lib::schema::validation::tests::test_validate_allows_pgp_backend_without_keys_location_when_default_applies::{closure#0}
FNDA:1,<mk_lib::schema::task_root::TaskRoot>::validate_legacy_secret_conflicts
FNDA:1,mk_lib::schema::validation::validate_secret_field_conflict::<alloc::string::String>
FNDA:0,<mk_lib::schema::task_root::TaskRoot>::validate_use_npm::{closure#0}
FNDA:1,mk_lib::schema::validation::tests::has_warning
FNDA:0,mk_lib::schema::validation::pgp_default_keys_location_applies
FNDA:0,mk_lib::schema::validation::command_uses_dynamic_runtime_inputs::{closure#6}::{closure#0}
FNF:133
FNH:77
BRF:0
BRH:0
DA:45,34
DA:46,34
DA:47,34
DA:48,34
DA:49,34
DA:50,34
DA:51,34
DA:52,34
DA:54,9
DA:55,9
DA:56,9
DA:57,9
DA:58,9
DA:59,9
DA:60,9
DA:61,9
DA:63,56
DA:64,56
DA:65,56
DA:66,56
DA:67,56
DA:68,56
DA:70,44
DA:71,44
DA:72,7
DA:73,7
DA:74,7
DA:75,1
DA:76,1
DA:77,1
DA:78,1
DA:79,1
DA:80,1
DA:81,7
DA:82,1
DA:83,1
DA:84,1
DA:85,1
DA:86,1
DA:87,1
DA:88,7
DA:89,7
DA:90,44
DA:93,14
DA:94,14
DA:95,8
DA:96,6
DA:98,14
DA:101,44
DA:102,44
DA:104,44
DA:106,52
DA:107,52
DA:108,52
DA:110,44
DA:111,44
DA:113,44
DA:114,44
DA:116,44
DA:117,44
DA:118,0
DA:119,44
DA:121,44
DA:122,0
DA:123,44
DA:125,44
DA:126,0
DA:127,44
DA:129,44
DA:130,44
DA:131,44
DA:132,44
DA:133,44
DA:136,44
DA:138,44
DA:139,44
DA:140,44
DA:141,44
DA:142,44
DA:144,44
DA:146,52
DA:147,52
DA:148,0
DA:149,0
DA:150,0
DA:151,0
DA:153,52
DA:154,52
DA:155,0
DA:156,0
DA:157,0
DA:158,0
DA:159,0
DA:160,52
DA:162,52
DA:163,16
DA:164,16
DA:165,0
DA:166,0
DA:167,0
DA:168,0
DA:169,0
DA:170,16
DA:171,0
DA:172,0
DA:173,0
DA:174,0
DA:175,0
DA:176,16
DA:177,8
DA:178,8
DA:179,8
DA:180,8
DA:181,8
DA:182,8
DA:185,52
DA:186,4
DA:187,0
DA:188,4
DA:189,0
DA:190,0
DA:191,0
DA:194,0
DA:195,0
DA:196,0
DA:199,0
DA:200,0
DA:201,0
DA:207,4
DA:208,4
DA:209,4
DA:210,4
DA:211,4
DA:212,4
DA:213,4
DA:214,4
DA:215,4
DA:216,4
DA:217,4
DA:218,4
DA:219,48
DA:221,52
DA:222,4
DA:223,0
DA:224,0
DA:225,0
DA:226,0
DA:227,0
DA:228,0
DA:229,0
DA:230,4
DA:231,48
DA:233,52
DA:234,0
DA:235,0
DA:236,0
DA:237,0
DA:238,0
DA:239,52
DA:241,52
DA:242,6
DA:243,4
DA:244,4
DA:245,4
DA:246,4
DA:247,4
DA:248,4
DA:249,4
DA:250,48
DA:252,52
DA:253,6
DA:254,5
DA:255,1
DA:256,1
DA:257,1
DA:258,1
DA:259,1
DA:260,1
DA:261,51
DA:263,60
DA:264,60
DA:265,60
DA:267,52
DA:268,52
DA:269,52
DA:270,52
DA:273,52
DA:274,52
DA:275,52
DA:276,52
DA:277,52
DA:280,52
DA:281,52
DA:284,52
DA:286,52
DA:287,52
DA:288,5
DA:289,1
DA:290,4
DA:291,1
DA:292,1
DA:293,1
DA:294,1
DA:295,1
DA:296,3
DA:298,5
DA:299,1
DA:300,1
DA:301,1
DA:302,1
DA:303,1
DA:304,4
DA:306,52
DA:308,96
DA:309,96
DA:310,96
DA:311,96
DA:312,96
DA:313,96
DA:314,96
DA:315,96
DA:317,96
DA:318,96
DA:319,91
DA:322,5
DA:323,5
DA:324,5
DA:325,5
DA:326,5
DA:327,5
DA:328,5
DA:330,5
DA:332,2
DA:333,1
DA:334,1
DA:335,1
DA:336,1
DA:337,1
DA:338,1
DA:340,2
DA:341,1
DA:342,1
DA:343,1
DA:344,1
DA:345,1
DA:346,1
DA:349,3
DA:350,2
DA:351,2
DA:352,2
DA:353,2
DA:354,2
DA:355,2
DA:357,3
DA:358,0
DA:359,0
DA:360,0
DA:361,0
DA:362,0
DA:363,3
DA:366,96
DA:368,96
DA:369,96
DA:370,96
DA:371,96
DA:372,96
DA:373,96
DA:374,96
DA:375,96
DA:376,91
DA:379,5
DA:380,5
DA:381,5
DA:382,5
DA:383,5
DA:384,5
DA:386,5
DA:387,5
DA:388,5
DA:389,5
DA:390,5
DA:391,5
DA:393,5
DA:394,5
DA:395,5
DA:396,5
DA:397,5
DA:398,5
DA:400,5
DA:401,5
DA:402,5
DA:403,5
DA:404,5
DA:405,5
DA:407,5
DA:408,5
DA:409,5
DA:410,5
DA:411,5
DA:412,5
DA:414,96
DA:416,96
DA:417,96
DA:418,96
DA:419,96
DA:420,96
DA:421,96
DA:422,96
DA:423,95
DA:424,1
DA:426,1
DA:427,1
DA:428,1
DA:431,96
DA:433,60
DA:434,60
DA:435,0
DA:436,0
DA:437,0
DA:438,0
DA:439,0
DA:440,0
DA:441,0
DA:442,0
DA:443,0
DA:444,0
DA:445,0
DA:447,60
DA:448,60
DA:449,0
DA:450,60
DA:451,60
DA:452,16
DA:453,0
DA:454,0
DA:455,0
DA:456,0
DA:457,0
DA:458,16
DA:459,44
DA:460,60
DA:461,1
DA:462,1
DA:463,1
DA:464,1
DA:465,1
DA:466,59
DA:468,0
DA:469,0
DA:470,0
DA:471,0
DA:472,0
DA:473,0
DA:474,0
DA:475,0
DA:476,0
DA:477,0
DA:478,0
DA:479,0
DA:480,0
DA:481,0
DA:482,0
DA:483,0
DA:484,0
DA:485,0
DA:486,0
DA:487,0
DA:490,0
DA:491,0
DA:492,0
DA:493,0
DA:494,0
DA:495,0
DA:496,0
DA:497,0
DA:498,0
DA:499,0
DA:500,0
DA:501,0
DA:502,0
DA:503,0
DA:504,0
DA:505,0
DA:506,0
DA:507,0
DA:508,0
DA:509,0
DA:510,0
DA:511,0
DA:512,0
DA:513,0
DA:514,0
DA:515,0
DA:516,0
DA:517,0
DA:518,0
DA:521,0
DA:522,0
DA:523,0
DA:524,0
DA:525,0
DA:526,0
DA:527,0
DA:528,0
DA:529,0
DA:530,0
DA:533,60
DA:535,52
DA:536,52
DA:537,52
DA:538,52
DA:539,60
DA:540,60
DA:541,0
DA:542,60
DA:543,52
DA:544,52
DA:545,52
DA:547,52
DA:548,4
DA:549,4
DA:550,4
DA:551,4
DA:552,4
DA:553,4
DA:554,4
DA:555,4
DA:559,52
DA:560,60
DA:561,60
DA:562,60
DA:563,60
DA:564,4
DA:565,4
DA:566,4
DA:567,4
DA:568,4
DA:569,4
DA:570,4
DA:571,4
DA:572,4
DA:573,4
DA:576,60
DA:577,0
DA:578,0
DA:579,0
DA:580,0
DA:581,0
DA:582,0
DA:583,0
DA:584,0
DA:585,0
DA:586,0
DA:587,0
DA:589,60
DA:591,60
DA:592,16
DA:593,16
DA:594,4
DA:595,4
DA:596,4
DA:597,4
DA:598,4
DA:599,12
DA:600,44
DA:602,0
DA:603,0
DA:604,0
DA:605,0
DA:606,0
DA:607,0
DA:608,0
DA:609,0
DA:610,0
DA:611,0
DA:612,0
DA:613,0
DA:614,0
DA:619,52
DA:621,0
DA:622,0
DA:623,0
DA:624,0
DA:625,0
DA:628,0
DA:629,0
DA:630,0
DA:632,0
DA:633,0
DA:634,0
DA:635,0
DA:636,0
DA:637,0
DA:638,0
DA:639,0
DA:641,0
DA:642,0
DA:643,0
DA:644,0
DA:645,0
DA:648,0
DA:649,0
DA:650,0
DA:651,0
DA:652,0
DA:653,0
DA:654,0
DA:655,0
DA:656,0
DA:657,0
DA:658,0
DA:660,44
DA:661,44
DA:662,44
DA:663,44
DA:664,44
DA:665,44
DA:666,44
DA:667,44
DA:668,0
DA:669,0
DA:670,0
DA:671,0
DA:672,0
DA:673,0
DA:674,0
DA:675,44
DA:676,44
DA:678,0
DA:679,0
DA:680,0
DA:682,0
DA:683,0
DA:684,0
DA:685,0
DA:687,0
DA:688,0
DA:690,0
DA:692,0
DA:693,0
DA:694,0
DA:695,0
DA:701,0
DA:703,44
DA:704,44
DA:705,44
DA:707,52
DA:708,52
DA:709,52
DA:710,44
DA:712,68
DA:713,68
DA:714,68
DA:715,68
DA:716,68
DA:717,68
DA:718,68
DA:719,68
DA:720,4
DA:721,64
DA:723,64
DA:724,4
DA:725,4
DA:726,4
DA:727,4
DA:728,4
DA:729,4
DA:731,4
DA:732,60
DA:734,60
DA:736,60
DA:737,52
DA:738,16
DA:739,16
DA:741,60
DA:742,60
DA:743,0
DA:744,60
DA:746,8
DA:748,60
DA:749,60
DA:750,68
DA:753,25
DA:754,25
DA:755,25
DA:756,25
DA:757,25
DA:758,25
DA:759,25
DA:760,25
DA:761,1
DA:762,1
DA:763,1
DA:764,1
DA:765,1
DA:766,1
DA:767,1
DA:768,1
DA:769,24
DA:770,25
DA:772,2
DA:773,2
DA:774,2
DA:776,4
DA:777,4
DA:778,4
DA:779,4
DA:780,0
DA:781,0
DA:782,0
DA:783,0
DA:784,0
DA:786,0
DA:787,0
DA:789,4
DA:791,5
DA:792,5
DA:793,4
DA:794,4
DA:795,4
DA:796,4
DA:797,5
DA:799,5
DA:800,5
DA:801,0
DA:802,5
DA:803,5
DA:804,4
DA:805,4
DA:806,4
DA:807,4
DA:809,0
DA:810,0
DA:811,0
DA:812,0
DA:813,0
DA:814,0
DA:815,0
DA:816,0
DA:817,0
DA:818,0
DA:820,0
DA:821,0
DA:822,0
DA:823,0
DA:824,0
DA:825,0
DA:826,0
DA:827,0
DA:828,0
DA:829,0
DA:830,0
DA:831,0
DA:832,0
DA:833,0
DA:834,0
DA:835,0
DA:836,0
DA:837,0
DA:838,0
DA:839,0
DA:840,0
DA:841,0
DA:842,0
DA:843,0
DA:844,0
DA:845,0
DA:846,0
DA:847,0
DA:848,0
DA:849,0
DA:850,0
DA:851,0
DA:852,0
DA:853,0
DA:854,0
DA:856,0
DA:858,5
DA:860,0
DA:861,0
DA:862,0
DA:864,5
DA:865,5
DA:866,4
DA:867,4
DA:868,4
DA:869,4
DA:870,5
DA:872,0
DA:873,0
DA:874,0
DA:880,4
DA:881,4
DA:882,4
DA:883,4
DA:884,4
DA:885,4
DA:886,4
DA:889,1
DA:890,1
DA:891,1
DA:892,1
DA:893,1
DA:894,1
DA:895,1
DA:896,1
DA:897,1
DA:899,1
DA:900,1
DA:902,1
DA:903,1
DA:904,1
DA:905,1
DA:907,1
DA:908,1
DA:911,1
DA:912,1
DA:913,1
DA:914,1
DA:915,1
DA:916,1
DA:917,1
DA:918,1
DA:919,1
DA:921,1
DA:922,1
DA:924,1
DA:925,1
DA:926,1
DA:927,1
DA:929,1
DA:930,1
DA:933,1
DA:934,1
DA:935,1
DA:936,1
DA:937,1
DA:938,1
DA:939,1
DA:940,1
DA:941,1
DA:942,1
DA:944,1
DA:945,1
DA:947,1
DA:948,1
DA:949,1
DA:950,1
DA:952,1
DA:953,1
DA:956,1
DA:957,1
DA:958,1
DA:959,1
DA:960,1
DA:961,1
DA:962,1
DA:963,1
DA:964,1
DA:965,1
DA:967,1
DA:968,1
DA:970,1
DA:971,1
DA:972,1
DA:973,1
DA:974,1
DA:975,1
DA:978,1
DA:979,1
DA:980,1
DA:981,1
DA:982,1
DA:983,1
DA:984,1
DA:985,1
DA:986,1
DA:987,1
DA:988,1
DA:989,1
DA:991,1
DA:992,1
DA:994,1
DA:995,1
DA:996,1
DA:997,1
DA:999,1
DA:1000,1
DA:1003,1
DA:1004,1
DA:1005,1
DA:1006,1
DA:1007,1
DA:1008,1
DA:1009,1
DA:1010,1
DA:1011,1
DA:1012,1
DA:1014,1
DA:1015,1
DA:1017,1
DA:1018,1
DA:1019,1
DA:1020,1
DA:1022,1
DA:1023,1
DA:1025,5
DA:1026,5
DA:1027,4
DA:1028,4
DA:1029,4
DA:1030,4
DA:1031,5
DA:1034,1
DA:1035,1
DA:1036,1
DA:1037,1
DA:1038,1
DA:1039,1
DA:1040,1
DA:1041,1
DA:1042,1
DA:1044,1
DA:1045,1
DA:1047,1
DA:1048,1
DA:1049,1
DA:1052,1
DA:1053,1
DA:1054,1
DA:1055,1
DA:1056,1
DA:1057,1
DA:1058,1
DA:1059,1
DA:1060,1
DA:1062,1
DA:1063,1
DA:1065,1
DA:1066,1
DA:1067,1
DA:1070,1
DA:1071,1
DA:1072,1
DA:1073,1
DA:1074,1
DA:1075,1
DA:1076,1
DA:1077,1
DA:1078,1
DA:1080,1
DA:1081,1
DA:1083,1
DA:1084,1
DA:1085,1
DA:1086,1
DA:1088,1
DA:1089,1
DA:1092,1
DA:1093,1
DA:1094,1
DA:1095,1
DA:1096,1
DA:1097,1
DA:1098,1
DA:1099,1
DA:1100,1
DA:1101,1
DA:1103,1
DA:1104,1
DA:1106,1
DA:1107,1
DA:1108,1
DA:1109,1
DA:1110,1
DA:1111,1
DA:1114,1
DA:1115,1
DA:1116,1
DA:1117,1
DA:1118,1
DA:1119,1
DA:1120,1
DA:1121,1
DA:1122,1
DA:1123,1
DA:1124,1
DA:1126,1
DA:1127,1
DA:1129,1
DA:1130,1
DA:1131,1
DA:1132,1
DA:1134,1
DA:1135,1
DA:1138,1
DA:1139,1
DA:1140,1
DA:1141,1
DA:1142,1
DA:1143,1
DA:1144,1
DA:1145,1
DA:1146,1
DA:1147,1
DA:1148,1
DA:1149,1
DA:1150,1
DA:1152,1
DA:1153,1
DA:1155,1
DA:1156,1
DA:1157,1
DA:1158,1
DA:1159,1
DA:1160,1
DA:1161,1
LF:917
LH:652
end_of_record
SF:src/cli/bin/secrets/context.rs
FN:85,<mk::secrets::context::Context>::key_name
FN:35,<mk::secrets::context::Context>::set_vault_location
FN:73,<mk::secrets::context::Context>::keys_location
FN:69,<mk::secrets::context::Context>::root_settings
FN:65,<mk::secrets::context::Context>::config_base_dir
FN:49,<mk::secrets::context::Context>::settings
FN:73,<mk::secrets::context::Context>::keys_location
FN:65,<mk::secrets::context::Context>::config_base_dir
FN:61,<mk::secrets::context::Context>::active_config_path
FN:77,<mk::secrets::context::Context>::vault_location
FN:77,<mk::secrets::context::Context>::vault_location
FN:35,<mk::secrets::context::Context>::set_vault_location
FN:22,<mk::secrets::context::Context>::new
FN:44,<mk::secrets::context::Context>::set_gpg_key_id
FN:31,<mk::secrets::context::Context>::set_keys_location
FN:61,<mk::secrets::context::Context>::active_config_path
FN:57,<mk::secrets::context::Context>::resolve_with_settings
FN:22,<mk::secrets::context::Context>::new
FN:49,<mk::secrets::context::Context>::settings
FN:69,<mk::secrets::context::Context>::root_settings
FN:85,<mk::secrets::context::Context>::key_name
FN:39,<mk::secrets::context::Context>::set_key_name
FN:53,<mk::secrets::context::Context>::resolved_config
FN:31,<mk::secrets::context::Context>::set_keys_location
FN:44,<mk::secrets::context::Context>::set_gpg_key_id
FN:39,<mk::secrets::context::Context>::set_key_name
FN:53,<mk::secrets::context::Context>::resolved_config
FN:57,<mk::secrets::context::Context>::resolve_with_settings
FNDA:0,<mk::secrets::context::Context>::key_name
FNDA:0,<mk::secrets::context::Context>::set_vault_location
FNDA:0,<mk::secrets::context::Context>::keys_location
FNDA:0,<mk::secrets::context::Context>::root_settings
FNDA:0,<mk::secrets::context::Context>::config_base_dir
FNDA:0,<mk::secrets::context::Context>::settings
FNDA:0,<mk::secrets::context::Context>::keys_location
FNDA:0,<mk::secrets::context::Context>::config_base_dir
FNDA:0,<mk::secrets::context::Context>::active_config_path
FNDA:0,<mk::secrets::context::Context>::vault_location
FNDA:0,<mk::secrets::context::Context>::vault_location
FNDA:0,<mk::secrets::context::Context>::set_vault_location
FNDA:0,<mk::secrets::context::Context>::new
FNDA:0,<mk::secrets::context::Context>::set_gpg_key_id
FNDA:0,<mk::secrets::context::Context>::set_keys_location
FNDA:0,<mk::secrets::context::Context>::active_config_path
FNDA:0,<mk::secrets::context::Context>::resolve_with_settings
FNDA:0,<mk::secrets::context::Context>::new
FNDA:0,<mk::secrets::context::Context>::settings
FNDA:0,<mk::secrets::context::Context>::root_settings
FNDA:0,<mk::secrets::context::Context>::key_name
FNDA:0,<mk::secrets::context::Context>::set_key_name
FNDA:0,<mk::secrets::context::Context>::resolved_config
FNDA:0,<mk::secrets::context::Context>::set_keys_location
FNDA:0,<mk::secrets::context::Context>::set_gpg_key_id
FNDA:0,<mk::secrets::context::Context>::set_key_name
FNDA:0,<mk::secrets::context::Context>::resolved_config
FNDA:0,<mk::secrets::context::Context>::resolve_with_settings
FNF:28
FNH:0
BRF:0
BRH:0
DA:22,0
DA:23,0
DA:24,0
DA:25,0
DA:26,0
DA:27,0
DA:28,0
DA:29,0
DA:31,0
DA:32,0
DA:33,0
DA:35,0
DA:36,0
DA:37,0
DA:39,0
DA:40,0
DA:41,0
DA:42,0
DA:44,0
DA:45,0
DA:46,0
DA:47,0
DA:49,0
DA:50,0
DA:51,0
DA:53,0
DA:54,0
DA:55,0
DA:57,0
DA:58,0
DA:59,0
DA:61,0
DA:62,0
DA:63,0
DA:65,0
DA:66,0
DA:67,0
DA:69,0
DA:70,0
DA:71,0
DA:73,0
DA:74,0
DA:75,0
DA:77,0
DA:78,0
DA:79,0
DA:80,0
DA:81,0
DA:82,0
DA:83,0
DA:85,0
DA:86,0
DA:87,0
LF:53
LH:0
end_of_record
SF:src/cli/bin/secrets/key/export_key.rs
FN:32,<mk::secrets::key::export_key::ExportKey>::execute::{closure#0}
FN:32,<mk::secrets::key::export_key::ExportKey>::execute::{closure#0}
FN:33,<mk::secrets::key::export_key::ExportKey>::execute::{closure#1}
FN:33,<mk::secrets::key::export_key::ExportKey>::execute::{closure#1}
FN:31,<mk::secrets::key::export_key::ExportKey>::execute
FN:31,<mk::secrets::key::export_key::ExportKey>::execute
FNDA:0,<mk::secrets::key::export_key::ExportKey>::execute::{closure#0}
FNDA:0,<mk::secrets::key::export_key::ExportKey>::execute::{closure#0}
FNDA:0,<mk::secrets::key::export_key::ExportKey>::execute::{closure#1}
FNDA:0,<mk::secrets::key::export_key::ExportKey>::execute::{closure#1}
FNDA:0,<mk::secrets::key::export_key::ExportKey>::execute
FNDA:0,<mk::secrets::key::export_key::ExportKey>::execute
FNF:6
FNH:0
BRF:0
BRH:0
DA:31,0
DA:32,0
DA:33,0
DA:34,0
DA:36,0
DA:37,0
DA:38,0
DA:40,0
DA:42,0
DA:43,0
DA:45,0
DA:46,0
DA:47,0
DA:50,0
DA:51,0
DA:52,0
DA:54,0
DA:55,0
DA:56,0
DA:57,0
DA:58,0
DA:59,0
DA:60,0
DA:62,0
DA:63,0
LF:25
LH:0
end_of_record
SF:src/schema/task_root.rs
FN:876,mk_lib::schema::task_root::test::test_task_root_6_from_file_rejects_include
FN:339,mk_lib::schema::task_root::load_lua_file
FN:142,<mk_lib::schema::task_root::TaskRoot>::from_file_with_stack::{closure#1}
FN:249,mk_lib::schema::task_root::normalize_task_file_path
FN:206,<mk_lib::schema::task_root::TaskRoot>::validation_legacy_secret_settings
FN:181,<mk_lib::schema::task_root::TaskRoot>::config_base_dir::{closure#1}::{closure#0}
FN:437,mk_lib::schema::task_root::rename_tasks
FN:261,mk_lib::schema::task_root::load_task_root
FN:390,mk_lib::schema::task_root::apply_extends::{closure#1}::{closure#0}
FN:326,mk_lib::schema::task_root::load_json_file::{closure#0}
FN:218,<mk_lib::schema::task_root::TaskRoot>::normalize_secret_settings
FN:253,mk_lib::schema::task_root::normalize_task_file_path::{closure#0}
FN:467,mk_lib::schema::task_root::test::test_task_root_1
FN:132,<mk_lib::schema::task_root::TaskRoot>::from_file::<&std::path::PathBuf>
FN:387,mk_lib::schema::task_root::apply_extends::{closure#1}
FN:758,mk_lib::schema::task_root::test::test_task_root_3
FN:340,mk_lib::schema::task_root::load_lua_file::{closure#0}
FN:218,<mk_lib::schema::task_root::TaskRoot>::normalize_secret_settings
FN:311,mk_lib::schema::task_root::load_toml_file::{closure#0}
FN:382,mk_lib::schema::task_root::apply_extends::{closure#0}
FN:339,mk_lib::schema::task_root::load_lua_file
FN:264,mk_lib::schema::task_root::load_task_root::{closure#0}
FN:181,<mk_lib::schema::task_root::TaskRoot>::config_base_dir::{closure#1}::{closure#0}
FN:424,mk_lib::schema::task_root::get_lua_table
FN:720,mk_lib::schema::task_root::test::test_task_root_apply_extends_gpg_key_id
FN:207,<mk_lib::schema::task_root::TaskRoot>::validation_legacy_secret_settings::{closure#0}
FN:390,mk_lib::schema::task_root::apply_extends::{closure#1}::{closure#0}
FN:176,<mk_lib::schema::task_root::TaskRoot>::config_base_dir
FN:184,<mk_lib::schema::task_root::TaskRoot>::cache_base_dir
FN:264,mk_lib::schema::task_root::load_task_root::{closure#0}
FN:679,mk_lib::schema::task_root::test::test_task_root_secrets_block_deserialized
FN:340,mk_lib::schema::task_root::load_lua_file::{closure#0}
FN:292,mk_lib::schema::task_root::load_yaml_file::{closure#0}
FN:326,mk_lib::schema::task_root::load_json_file::{closure#0}
FN:154,<mk_lib::schema::task_root::TaskRoot>::from_hashmap
FN:180,<mk_lib::schema::task_root::TaskRoot>::config_base_dir::{closure#0}
FN:136,<mk_lib::schema::task_root::TaskRoot>::from_file_with_stack
FN:310,mk_lib::schema::task_root::load_toml_file
FN:176,<mk_lib::schema::task_root::TaskRoot>::config_base_dir
FN:291,mk_lib::schema::task_root::load_yaml_file
FN:573,mk_lib::schema::task_root::test::test_task_root_2
FN:154,<mk_lib::schema::task_root::TaskRoot>::from_hashmap
FN:142,<mk_lib::schema::task_root::TaskRoot>::from_file_with_stack::{closure#1}
FN:437,mk_lib::schema::task_root::rename_tasks
FN:203,<mk_lib::schema::task_root::TaskRoot>::normalized_secret_settings::{closure#0}
FN:139,<mk_lib::schema::task_root::TaskRoot>::from_file_with_stack::{closure#0}
FN:325,mk_lib::schema::task_root::load_json_file
FN:829,mk_lib::schema::task_root::test::test_task_root_5_from_file_loads_use_cargo
FN:387,mk_lib::schema::task_root::apply_extends::{closure#1}
FN:938,mk_lib::schema::task_root::test::test_task_root_from_non_utf8_path
FN:377,mk_lib::schema::task_root::apply_extends
FN:354,mk_lib::schema::task_root::process_task_sources
FN:632,mk_lib::schema::task_root::test::test_task_root_secrets_config
FN:203,<mk_lib::schema::task_root::TaskRoot>::normalized_secret_settings::{closure#0}
FN:292,mk_lib::schema::task_root::load_yaml_file::{closure#0}
FN:136,<mk_lib::schema::task_root::TaskRoot>::from_file_with_stack
FN:739,mk_lib::schema::task_root::test::test_task_root_apply_extends_child_gpg_key_id_overrides
FN:188,<mk_lib::schema::task_root::TaskRoot>::resolve_from_config
FN:192,<mk_lib::schema::task_root::TaskRoot>::normalized_secret_settings
FN:249,mk_lib::schema::task_root::normalize_task_file_path
FN:310,mk_lib::schema::task_root::load_toml_file
FN:132,<mk_lib::schema::task_root::TaskRoot>::from_file::<_>
FN:291,mk_lib::schema::task_root::load_yaml_file
FN:424,mk_lib::schema::task_root::get_lua_table
FN:382,mk_lib::schema::task_root::apply_extends::{closure#0}
FN:261,mk_lib::schema::task_root::load_task_root
FN:206,<mk_lib::schema::task_root::TaskRoot>::validation_legacy_secret_settings
FN:311,mk_lib::schema::task_root::load_toml_file::{closure#0}
FN:325,mk_lib::schema::task_root::load_json_file
FN:181,<mk_lib::schema::task_root::TaskRoot>::config_base_dir::{closure#1}
FN:253,mk_lib::schema::task_root::normalize_task_file_path::{closure#0}
FN:181,<mk_lib::schema::task_root::TaskRoot>::config_base_dir::{closure#1}
FN:188,<mk_lib::schema::task_root::TaskRoot>::resolve_from_config
FN:902,mk_lib::schema::task_root::test::test_task_root_7_from_file_rejects_extends_cycle
FN:705,mk_lib::schema::task_root::test::test_task_root_gpg_key_id_absent_defaults_to_none
FN:132,<mk_lib::schema::task_root::TaskRoot>::from_file::<&std::path::PathBuf>
FN:792,mk_lib::schema::task_root::test::test_task_root_4
FN:132,<mk_lib::schema::task_root::TaskRoot>::from_file::<&std::path::PathBuf>
FN:184,<mk_lib::schema::task_root::TaskRoot>::cache_base_dir
FN:139,<mk_lib::schema::task_root::TaskRoot>::from_file_with_stack::{closure#0}
FN:180,<mk_lib::schema::task_root::TaskRoot>::config_base_dir::{closure#0}
FN:377,mk_lib::schema::task_root::apply_extends
FN:192,<mk_lib::schema::task_root::TaskRoot>::normalized_secret_settings
FN:354,mk_lib::schema::task_root::process_task_sources
FN:207,<mk_lib::schema::task_root::TaskRoot>::validation_legacy_secret_settings::{closure#0}
FN:659,mk_lib::schema::task_root::test::test_task_root_gpg_key_id_deserialized
FNDA:1,mk_lib::schema::task_root::test::test_task_root_6_from_file_rejects_include
FNDA:0,mk_lib::schema::task_root::load_lua_file
FNDA:1,<mk_lib::schema::task_root::TaskRoot>::from_file_with_stack::{closure#1}
FNDA:1,mk_lib::schema::task_root::normalize_task_file_path
FNDA:1,<mk_lib::schema::task_root::TaskRoot>::validation_legacy_secret_settings
FNDA:0,<mk_lib::schema::task_root::TaskRoot>::config_base_dir::{closure#1}::{closure#0}
FNDA:1,mk_lib::schema::task_root::rename_tasks
FNDA:1,mk_lib::schema::task_root::load_task_root
FNDA:1,mk_lib::schema::task_root::apply_extends::{closure#1}::{closure#0}
FNDA:0,mk_lib::schema::task_root::load_json_file::{closure#0}
FNDA:1,<mk_lib::schema::task_root::TaskRoot>::normalize_secret_settings
FNDA:1,mk_lib::schema::task_root::normalize_task_file_path::{closure#0}
FNDA:1,mk_lib::schema::task_root::test::test_task_root_1
FNDA:0,<mk_lib::schema::task_root::TaskRoot>::from_file::<&std::path::PathBuf>
FNDA:0,mk_lib::schema::task_root::apply_extends::{closure#1}
FNDA:1,mk_lib::schema::task_root::test::test_task_root_3
FNDA:0,mk_lib::schema::task_root::load_lua_file::{closure#0}
FNDA:1,<mk_lib::schema::task_root::TaskRoot>::normalize_secret_settings
FNDA:0,mk_lib::schema::task_root::load_toml_file::{closure#0}
FNDA:0,mk_lib::schema::task_root::apply_extends::{closure#0}
FNDA:0,mk_lib::schema::task_root::load_lua_file
FNDA:1,mk_lib::schema::task_root::load_task_root::{closure#0}
FNDA:0,<mk_lib::schema::task_root::TaskRoot>::config_base_dir::{closure#1}::{closure#0}
FNDA:0,mk_lib::schema::task_root::get_lua_table
FNDA:1,mk_lib::schema::task_root::test::test_task_root_apply_extends_gpg_key_id
FNDA:1,<mk_lib::schema::task_root::TaskRoot>::validation_legacy_secret_settings::{closure#0}
FNDA:0,mk_lib::schema::task_root::apply_extends::{closure#1}::{closure#0}
FNDA:1,<mk_lib::schema::task_root::TaskRoot>::config_base_dir
FNDA:0,<mk_lib::schema::task_root::TaskRoot>::cache_base_dir
FNDA:1,mk_lib::schema::task_root::load_task_root::{closure#0}
FNDA:1,mk_lib::schema::task_root::test::test_task_root_secrets_block_deserialized
FNDA:0,mk_lib::schema::task_root::load_lua_file::{closure#0}
FNDA:0,mk_lib::schema::task_root::load_yaml_file::{closure#0}
FNDA:0,mk_lib::schema::task_root::load_json_file::{closure#0}
FNDA:0,<mk_lib::schema::task_root::TaskRoot>::from_hashmap
FNDA:1,<mk_lib::schema::task_root::TaskRoot>::config_base_dir::{closure#0}
FNDA:1,<mk_lib::schema::task_root::TaskRoot>::from_file_with_stack
FNDA:0,mk_lib::schema::task_root::load_toml_file
FNDA:1,<mk_lib::schema::task_root::TaskRoot>::config_base_dir
FNDA:1,mk_lib::schema::task_root::load_yaml_file
FNDA:1,mk_lib::schema::task_root::test::test_task_root_2
FNDA:1,<mk_lib::schema::task_root::TaskRoot>::from_hashmap
FNDA:0,<mk_lib::schema::task_root::TaskRoot>::from_file_with_stack::{closure#1}
FNDA:1,mk_lib::schema::task_root::rename_tasks
FNDA:1,<mk_lib::schema::task_root::TaskRoot>::normalized_secret_settings::{closure#0}
FNDA:0,<mk_lib::schema::task_root::TaskRoot>::from_file_with_stack::{closure#0}
FNDA:0,mk_lib::schema::task_root::load_json_file
FNDA:1,mk_lib::schema::task_root::test::test_task_root_5_from_file_loads_use_cargo
FNDA:1,mk_lib::schema::task_root::apply_extends::{closure#1}
FNDA:1,mk_lib::schema::task_root::test::test_task_root_from_non_utf8_path
FNDA:1,mk_lib::schema::task_root::apply_extends
FNDA:1,mk_lib::schema::task_root::process_task_sources
FNDA:1,mk_lib::schema::task_root::test::test_task_root_secrets_config
FNDA:1,<mk_lib::schema::task_root::TaskRoot>::normalized_secret_settings::{closure#0}
FNDA:0,mk_lib::schema::task_root::load_yaml_file::{closure#0}
FNDA:1,<mk_lib::schema::task_root::TaskRoot>::from_file_with_stack
FNDA:1,mk_lib::schema::task_root::test::test_task_root_apply_extends_child_gpg_key_id_overrides
FNDA:1,<mk_lib::schema::task_root::TaskRoot>::resolve_from_config
FNDA:1,<mk_lib::schema::task_root::TaskRoot>::normalized_secret_settings
FNDA:1,mk_lib::schema::task_root::normalize_task_file_path
FNDA:0,mk_lib::schema::task_root::load_toml_file
FNDA:0,<mk_lib::schema::task_root::TaskRoot>::from_file::<_>
FNDA:1,mk_lib::schema::task_root::load_yaml_file
FNDA:1,mk_lib::schema::task_root::get_lua_table
FNDA:0,mk_lib::schema::task_root::apply_extends::{closure#0}
FNDA:1,mk_lib::schema::task_root::load_task_root
FNDA:1,<mk_lib::schema::task_root::TaskRoot>::validation_legacy_secret_settings
FNDA:0,mk_lib::schema::task_root::load_toml_file::{closure#0}
FNDA:0,mk_lib::schema::task_root::load_json_file
FNDA:1,<mk_lib::schema::task_root::TaskRoot>::config_base_dir::{closure#1}
FNDA:1,mk_lib::schema::task_root::normalize_task_file_path::{closure#0}
FNDA:0,<mk_lib::schema::task_root::TaskRoot>::config_base_dir::{closure#1}
FNDA:0,<mk_lib::schema::task_root::TaskRoot>::resolve_from_config
FNDA:1,mk_lib::schema::task_root::test::test_task_root_7_from_file_rejects_extends_cycle
FNDA:1,mk_lib::schema::task_root::test::test_task_root_gpg_key_id_absent_defaults_to_none
FNDA:1,<mk_lib::schema::task_root::TaskRoot>::from_file::<&std::path::PathBuf>
FNDA:1,mk_lib::schema::task_root::test::test_task_root_4
FNDA:1,<mk_lib::schema::task_root::TaskRoot>::from_file::<&std::path::PathBuf>
FNDA:1,<mk_lib::schema::task_root::TaskRoot>::cache_base_dir
FNDA:1,<mk_lib::schema::task_root::TaskRoot>::from_file_with_stack::{closure#0}
FNDA:1,<mk_lib::schema::task_root::TaskRoot>::config_base_dir::{closure#0}
FNDA:1,mk_lib::schema::task_root::apply_extends
FNDA:1,<mk_lib::schema::task_root::TaskRoot>::normalized_secret_settings
FNDA:1,mk_lib::schema::task_root::process_task_sources
FNDA:0,<mk_lib::schema::task_root::TaskRoot>::validation_legacy_secret_settings::{closure#0}
FNDA:1,mk_lib::schema::task_root::test::test_task_root_gpg_key_id_deserialized
FNF:86
FNH:56
BRF:0
BRH:0
DA:132,100
DA:133,100
DA:134,100
DA:136,372
DA:137,372
DA:139,372
DA:140,2
DA:141,2
DA:142,4
DA:143,2
DA:144,2
DA:145,2
DA:146,370
DA:148,370
DA:149,370
DA:150,370
DA:151,370
DA:152,372
DA:154,2
DA:155,2
DA:156,2
DA:157,2
DA:158,2
DA:159,2
DA:160,2
DA:161,2
DA:162,2
DA:163,2
DA:164,2
DA:165,2
DA:166,2
DA:167,2
DA:168,2
DA:169,2
DA:170,2
DA:171,2
DA:172,2
DA:173,2
DA:174,2
DA:176,310
DA:177,310
DA:178,310
DA:179,310
DA:180,310
DA:181,310
DA:182,310
DA:184,80
DA:185,80
DA:186,80
DA:188,8
DA:189,8
DA:190,8
DA:192,370
DA:193,370
DA:194,370
DA:195,370
DA:196,370
DA:197,370
DA:198,370
DA:199,370
DA:200,370
DA:201,370
DA:203,370
DA:204,370
DA:206,172
DA:207,172
DA:208,44
DA:209,44
DA:210,44
DA:211,44
DA:212,44
DA:213,44
DA:215,44
DA:216,172
DA:218,356
DA:219,356
DA:220,356
DA:221,356
DA:222,356
DA:223,356
DA:224,356
DA:225,356
DA:226,356
DA:227,356
DA:228,356
DA:229,356
DA:230,356
DA:232,356
DA:233,356
DA:234,8
DA:235,8
DA:236,8
DA:237,8
DA:238,8
DA:239,352
DA:241,1832
DA:242,1832
DA:243,1762
DA:244,1774
DA:246,356
DA:249,372
DA:250,372
DA:251,372
DA:252,372
DA:253,372
DA:254,372
DA:255,324
DA:257,48
DA:259,372
DA:261,370
DA:262,370
DA:263,370
DA:264,370
DA:265,370
DA:267,370
DA:268,370
DA:269,0
DA:270,0
DA:271,0
DA:272,0
DA:273,0
DA:274,0
DA:278,4
DA:280,366
DA:281,10
DA:282,356
DA:284,356
DA:285,356
DA:286,356
DA:288,356
DA:289,370
DA:291,370
DA:292,370
DA:293,0
DA:295,0
DA:297,0
DA:298,370
DA:302,370
DA:303,370
DA:306,370
DA:307,370
DA:308,370
DA:310,0
DA:311,0
DA:312,0
DA:314,0
DA:316,0
DA:317,0
DA:318,0
DA:321,0
DA:322,0
DA:323,0
DA:325,0
DA:326,0
DA:327,0
DA:329,0
DA:331,0
DA:332,0
DA:335,0
DA:336,0
DA:337,0
DA:339,0
DA:340,0
DA:341,0
DA:343,0
DA:345,0
DA:346,0
DA:347,0
DA:350,0
DA:351,0
DA:352,0
DA:354,356
DA:355,356
DA:356,356
DA:357,356
DA:358,356
DA:359,356
DA:362,356
DA:363,0
DA:364,0
DA:365,0
DA:366,356
DA:368,356
DA:369,2
DA:370,2
DA:371,2
DA:372,354
DA:374,356
DA:375,356
DA:377,370
DA:378,370
DA:379,362
DA:382,8
DA:383,8
DA:384,4
DA:385,4
DA:386,4
DA:387,4
DA:388,4
DA:389,4
DA:390,4
DA:391,4
DA:392,4
DA:393,0
DA:394,4
DA:395,4
DA:396,0
DA:397,4
DA:398,4
DA:399,4
DA:401,4
DA:402,4
DA:403,4
DA:404,4
DA:405,4
DA:406,4
DA:407,4
DA:408,4
DA:409,4
DA:410,4
DA:411,4
DA:412,4
DA:413,4
DA:414,4
DA:415,4
DA:416,4
DA:417,4
DA:418,4
DA:419,4
DA:421,4
DA:422,370
DA:424,2
DA:426,2
DA:429,2
DA:432,2
DA:434,2
DA:435,2
DA:437,358
DA:438,358
DA:439,358
DA:440,358
DA:441,358
DA:442,358
DA:443,358
DA:444,1874
DA:445,1874
DA:446,1874
DA:447,64
DA:449,1810
DA:452,1874
DA:454,358
DA:455,358
DA:467,2
DA:468,2
DA:469,2
DA:470,2
DA:471,2
DA:472,2
DA:473,2
DA:474,2
DA:475,2
DA:476,2
DA:477,2
DA:478,2
DA:479,2
DA:480,2
DA:481,2
DA:482,2
DA:483,2
DA:484,2
DA:485,2
DA:486,2
DA:487,2
DA:488,2
DA:489,2
DA:490,2
DA:491,2
DA:492,2
DA:493,2
DA:494,2
DA:495,2
DA:496,2
DA:497,2
DA:498,2
DA:500,2
DA:502,2
DA:504,2
DA:505,2
DA:506,2
DA:507,2
DA:508,2
DA:509,2
DA:511,0
DA:514,2
DA:515,2
DA:517,0
DA:519,2
DA:520,2
DA:521,2
DA:522,2
DA:524,0
DA:527,2
DA:528,2
DA:529,2
DA:530,2
DA:531,2
DA:532,2
DA:534,0
DA:537,2
DA:538,2
DA:540,0
DA:542,2
DA:543,2
DA:544,2
DA:545,2
DA:547,0
DA:550,2
DA:551,2
DA:552,2
DA:553,2
DA:554,2
DA:555,2
DA:557,0
DA:560,2
DA:561,2
DA:562,2
DA:563,2
DA:564,2
DA:566,0
DA:569,2
DA:570,2
DA:573,2
DA:574,2
DA:575,2
DA:576,2
DA:577,2
DA:578,2
DA:579,2
DA:580,2
DA:581,2
DA:582,2
DA:583,2
DA:585,2
DA:587,2
DA:589,2
DA:590,2
DA:591,2
DA:592,2
DA:593,2
DA:594,2
DA:596,0
DA:599,2
DA:600,2
DA:601,2
DA:602,2
DA:604,0
DA:607,2
DA:608,2
DA:609,2
DA:611,0
DA:614,2
DA:615,2
DA:616,2
DA:617,2
DA:619,0
DA:622,2
DA:623,2
DA:625,0
DA:628,2
DA:629,2
DA:632,2
DA:633,2
DA:634,2
DA:635,2
DA:636,2
DA:637,2
DA:638,2
DA:639,2
DA:640,2
DA:641,2
DA:642,2
DA:643,2
DA:645,2
DA:647,2
DA:648,2
DA:649,2
DA:650,2
DA:651,2
DA:652,2
DA:653,2
DA:655,2
DA:656,2
DA:659,2
DA:660,2
DA:661,2
DA:662,2
DA:663,2
DA:664,2
DA:665,2
DA:666,2
DA:668,2
DA:669,2
DA:670,2
DA:671,2
DA:675,2
DA:676,2
DA:679,2
DA:680,2
DA:681,2
DA:682,2
DA:683,2
DA:684,2
DA:685,2
DA:686,2
DA:687,2
DA:688,2
DA:689,2
DA:690,2
DA:691,2
DA:692,2
DA:693,2
DA:695,2
DA:696,2
DA:697,2
DA:698,2
DA:699,2
DA:700,2
DA:701,2
DA:702,2
DA:705,2
DA:706,2
DA:707,2
DA:708,2
DA:709,2
DA:710,2
DA:711,2
DA:713,2
DA:714,2
DA:716,2
DA:717,2
DA:720,2
DA:722,2
DA:723,2
DA:724,2
DA:726,2
DA:727,2
DA:728,2
DA:730,0
DA:732,2
DA:733,2
DA:735,2
DA:736,2
DA:739,2
DA:741,2
DA:742,2
DA:743,2
DA:745,2
DA:746,2
DA:747,2
DA:749,0
DA:751,2
DA:752,2
DA:754,2
DA:755,2
DA:758,2
DA:759,2
DA:760,2
DA:761,2
DA:762,2
DA:763,2
DA:764,2
DA:766,2
DA:768,2
DA:770,2
DA:771,2
DA:773,0
DA:776,2
DA:777,2
DA:779,0
DA:782,2
DA:783,2
DA:785,0
DA:788,2
DA:789,2
DA:792,2
DA:793,2
DA:794,2
DA:795,2
DA:796,2
DA:797,2
DA:798,2
DA:799,2
DA:800,2
DA:801,2
DA:803,2
DA:805,2
DA:807,2
DA:808,2
DA:810,0
DA:813,2
DA:814,2
DA:816,0
DA:819,2
DA:820,2
DA:822,0
DA:825,2
DA:826,2
DA:829,2
DA:833,2
DA:834,2
DA:835,2
DA:836,2
DA:845,0
DA:847,2
DA:849,2
DA:851,2
DA:852,2
DA:853,2
DA:854,2
DA:856,2
DA:857,2
DA:858,2
DA:859,2
DA:860,2
DA:861,2
DA:862,2
DA:863,2
DA:866,0
DA:869,0
DA:872,2
DA:873,2
DA:876,2
DA:880,2
DA:881,2
DA:882,2
DA:883,2
DA:892,0
DA:894,2
DA:895,2
DA:896,2
DA:897,2
DA:898,2
DA:899,2
DA:902,2
DA:906,2
DA:907,2
DA:908,2
DA:910,2
DA:911,2
DA:919,0
DA:920,2
DA:921,2
DA:929,0
DA:931,2
DA:932,2
DA:933,2
DA:934,2
DA:938,2
DA:942,2
DA:943,2
DA:944,2
DA:945,2
DA:947,2
DA:948,2
DA:950,2
DA:951,2
LF:566
LH:496
end_of_record
SF:src/secrets.rs
FN:590,mk_lib::secrets::default_keys_location::{closure#0}
FN:348,mk_lib::secrets::resolve_secret_config::{closure#21}
FN:337,mk_lib::secrets::resolve_secret_config::{closure#19}
FN:241,mk_lib::secrets::pick_setting::<str>
FN:570,mk_lib::secrets::decrypt_with_gpg::{closure#0}
FN:665,mk_lib::secrets::render_secret_path::{closure#0}
FN:1024,mk_lib::secrets::tests::test_secret_settings_merge_prefers_overlay
FN:425,mk_lib::secrets::load_secret_values::{closure#1}
FN:390,mk_lib::secrets::resolve_secret_config::{closure#30}
FN:366,mk_lib::secrets::resolve_secret_config::{closure#27}
FN:326,mk_lib::secrets::resolve_secret_config::{closure#17}::{closure#0}
FN:348,mk_lib::secrets::resolve_secret_config::{closure#21}::{closure#0}
FN:890,mk_lib::secrets::tests::test_secret_config_legacy_vault_metadata_gpg_key_id_implies_gpg_backend
FN:76,<mk_lib::secrets::SecretSettings>::is_empty
FN:366,mk_lib::secrets::resolve_secret_config::{closure#27}
FN:335,mk_lib::secrets::resolve_secret_config::{closure#18}::{closure#0}
FN:195,mk_lib::secrets::read_vault_gpg_key_id
FN:157,mk_lib::secrets::infer_secret_backend::{closure#0}
FN:115,<mk_lib::secrets::SecretSettings>::resolved_backend
FN:108,<mk_lib::secrets::SecretSettings>::with_inferred_backend
FN:335,mk_lib::secrets::resolve_secret_config::{closure#18}::{closure#0}
FN:85,<mk_lib::secrets::SecretSettings>::merge
FN:925,mk_lib::secrets::tests::test_secret_config_explicit_gpg_key_id_overrides_metadata
FN:278,mk_lib::secrets::resolve_secret_config::{closure#4}
FN:306,mk_lib::secrets::resolve_secret_config::{closure#12}
FN:296,mk_lib::secrets::resolve_secret_config::{closure#7}
FN:318,mk_lib::secrets::resolve_secret_config::{closure#16}
FN:313,mk_lib::secrets::resolve_secret_config::{closure#15}
FN:156,mk_lib::secrets::infer_secret_backend
FN:305,mk_lib::secrets::resolve_secret_config::{closure#11}
FN:320,mk_lib::secrets::resolve_secret_config::{closure#16}::{closure#0}
FN:295,mk_lib::secrets::resolve_secret_config::{closure#6}
FN:263,mk_lib::secrets::resolve_secret_config
FN:144,mk_lib::secrets::merge_optional_secret_settings
FN:320,mk_lib::secrets::resolve_secret_config::{closure#16}::{closure#0}
FN:312,mk_lib::secrets::resolve_secret_config::{closure#14}
FN:272,mk_lib::secrets::resolve_secret_config::{closure#2}
FN:306,mk_lib::secrets::resolve_secret_config::{closure#12}
FN:372,mk_lib::secrets::resolve_secret_config::{closure#28}
FN:567,mk_lib::secrets::decrypt_with_gpg
FN:188,mk_lib::secrets::read_vault_meta
FN:637,mk_lib::secrets::collect_secret_paths
FN:76,<mk_lib::secrets::SecretSettings>::is_empty
FN:706,mk_lib::secrets::tests::test_vault_meta_overwrite
FN:353,mk_lib::secrets::resolve_secret_config::{closure#24}
FN:271,mk_lib::secrets::resolve_secret_config::{closure#1}
FN:234,<mk_lib::secrets::SecretConfig>::with_secrets_path
FN:469,mk_lib::secrets::load_secret_value
FN:315,mk_lib::secrets::resolve_secret_config::{closure#15}::{closure#0}
FN:484,mk_lib::secrets::list_secret_paths
FN:662,mk_lib::secrets::render_secret_path
FN:772,mk_lib::secrets::tests::test_verify_vault_accepts_existing_directory
FN:271,mk_lib::secrets::resolve_secret_config::{closure#1}
FN:321,mk_lib::secrets::resolve_secret_config::{closure#16}::{closure#1}
FN:588,mk_lib::secrets::default_keys_location
FN:506,mk_lib::secrets::load_secret_env
FN:348,mk_lib::secrets::resolve_secret_config::{closure#21}
FN:327,mk_lib::secrets::resolve_secret_config::{closure#17}::{closure#1}
FN:338,mk_lib::secrets::resolve_secret_config::{closure#19}::{closure#0}
FN:313,mk_lib::secrets::resolve_secret_config::{closure#15}
FN:390,mk_lib::secrets::resolve_secret_config::{closure#30}
FN:425,mk_lib::secrets::load_secret_values::{closure#1}
FN:592,mk_lib::secrets::default_keys_location::{closure#1}
FN:203,mk_lib::secrets::read_vault_backend::{closure#0}
FN:405,mk_lib::secrets::load_secret_values
FN:665,mk_lib::secrets::render_secret_path::{closure#0}
FN:356,mk_lib::secrets::resolve_secret_config::{closure#25}
FN:115,<mk_lib::secrets::SecretSettings>::resolved_backend
FN:418,mk_lib::secrets::load_secret_values::{closure#0}
FN:570,mk_lib::secrets::decrypt_with_gpg::{closure#0}
FN:337,mk_lib::secrets::resolve_secret_config::{closure#19}
FN:326,mk_lib::secrets::resolve_secret_config::{closure#17}::{closure#0}
FN:157,mk_lib::secrets::infer_secret_backend::{closure#0}
FN:108,<mk_lib::secrets::SecretSettings>::with_inferred_backend
FN:393,mk_lib::secrets::resolve_secret_config::{closure#31}
FN:520,mk_lib::secrets::check_gpg_available
FN:321,mk_lib::secrets::resolve_secret_config::{closure#16}::{closure#1}
FN:295,mk_lib::secrets::resolve_secret_config::{closure#6}
FN:277,mk_lib::secrets::resolve_secret_config::{closure#3}
FN:393,mk_lib::secrets::resolve_secret_config::{closure#31}
FN:347,mk_lib::secrets::resolve_secret_config::{closure#20}
FN:602,mk_lib::secrets::verify_vault
FN:199,mk_lib::secrets::read_vault_backend
FN:1052,mk_lib::secrets::tests::test_vault_meta_toml_no_gpg_key_id
FN:294,mk_lib::secrets::resolve_secret_config::{closure#5}
FN:349,mk_lib::secrets::resolve_secret_config::{closure#22}
FN:1003,mk_lib::secrets::tests::test_secret_config_key_name_custom
FN:982,mk_lib::secrets::tests::test_secret_config_key_name_default
FN:350,mk_lib::secrets::resolve_secret_config::{closure#23}
FN:303,mk_lib::secrets::resolve_secret_config::{closure#9}
FN:349,mk_lib::secrets::resolve_secret_config::{closure#22}::{closure#0}
FN:755,mk_lib::secrets::tests::test_read_vault_backend_infers_gpg_from_gpg_key_id
FN:418,mk_lib::secrets::load_secret_values::{closure#0}
FN:316,mk_lib::secrets::resolve_secret_config::{closure#15}::{closure#1}
FN:613,mk_lib::secrets::load_secret_key
FN:348,mk_lib::secrets::resolve_secret_config::{closure#21}::{closure#0}
FN:331,mk_lib::secrets::resolve_secret_config::{closure#18}
FN:207,mk_lib::secrets::write_vault_meta
FN:959,mk_lib::secrets::tests::test_secret_config_no_gpg_key_id
FN:119,<mk_lib::secrets::SecretSettings>::from_legacy
FN:349,mk_lib::secrets::resolve_secret_config::{closure#22}::{closure#0}
FN:1065,mk_lib::secrets::tests::test_vault_meta_toml_with_gpg_key_id
FN:356,mk_lib::secrets::resolve_secret_config::{closure#25}
FN:199,mk_lib::secrets::read_vault_backend
FN:294,mk_lib::secrets::resolve_secret_config::{closure#5}
FN:640,mk_lib::secrets::collect_secret_paths::{closure#0}
FN:822,mk_lib::secrets::tests::test_secret_config_gpg_key_id_from_vault_metadata
FN:349,mk_lib::secrets::resolve_secret_config::{closure#22}
FN:741,mk_lib::secrets::tests::test_read_vault_gpg_key_id_missing_file
FN:278,mk_lib::secrets::resolve_secret_config::{closure#4}
FN:119,<mk_lib::secrets::SecretSettings>::from_legacy
FN:303,mk_lib::secrets::resolve_secret_config::{closure#9}
FN:304,mk_lib::secrets::resolve_secret_config::{closure#10}
FN:350,mk_lib::secrets::resolve_secret_config::{closure#23}::{closure#0}
FN:405,mk_lib::secrets::load_secret_values
FN:350,mk_lib::secrets::resolve_secret_config::{closure#23}::{closure#0}
FN:85,<mk_lib::secrets::SecretSettings>::merge
FN:342,mk_lib::secrets::resolve_secret_config::{closure#19}::{closure#0}::{closure#0}
FN:234,<mk_lib::secrets::SecretConfig>::with_secrets_path
FN:311,mk_lib::secrets::resolve_secret_config::{closure#13}
FN:353,mk_lib::secrets::resolve_secret_config::{closure#24}
FN:800,mk_lib::secrets::tests::test_secret_config_explicit_gpg_key_id
FN:318,mk_lib::secrets::resolve_secret_config::{closure#16}
FN:316,mk_lib::secrets::resolve_secret_config::{closure#15}::{closure#1}
FN:662,mk_lib::secrets::render_secret_path
FN:445,mk_lib::secrets::load_secret_values::{closure#2}
FN:469,mk_lib::secrets::load_secret_value
FN:296,mk_lib::secrets::resolve_secret_config::{closure#7}
FN:361,mk_lib::secrets::resolve_secret_config::{closure#26}
FN:241,mk_lib::secrets::pick_setting::<str>
FN:305,mk_lib::secrets::resolve_secret_config::{closure#11}
FN:315,mk_lib::secrets::resolve_secret_config::{closure#15}::{closure#0}
FN:297,mk_lib::secrets::resolve_secret_config::{closure#8}
FN:532,mk_lib::secrets::encrypt_with_gpg
FN:144,mk_lib::secrets::merge_optional_secret_settings
FN:532,mk_lib::secrets::encrypt_with_gpg
FN:506,mk_lib::secrets::load_secret_env
FN:602,mk_lib::secrets::verify_vault
FN:520,mk_lib::secrets::check_gpg_available
FN:640,mk_lib::secrets::collect_secret_paths::{closure#0}
FN:350,mk_lib::secrets::resolve_secret_config::{closure#23}
FN:207,mk_lib::secrets::write_vault_meta
FN:156,mk_lib::secrets::infer_secret_backend
FN:347,mk_lib::secrets::resolve_secret_config::{closure#20}
FN:342,mk_lib::secrets::resolve_secret_config::{closure#19}::{closure#0}::{closure#0}
FN:270,mk_lib::secrets::resolve_secret_config::{closure#0}
FN:272,mk_lib::secrets::resolve_secret_config::{closure#2}
FN:588,mk_lib::secrets::default_keys_location
FN:323,mk_lib::secrets::resolve_secret_config::{closure#17}
FN:188,mk_lib::secrets::read_vault_meta
FN:637,mk_lib::secrets::collect_secret_paths
FN:277,mk_lib::secrets::resolve_secret_config::{closure#3}
FN:297,mk_lib::secrets::resolve_secret_config::{closure#8}
FN:195,mk_lib::secrets::read_vault_gpg_key_id
FN:526,mk_lib::secrets::default_vault_location
FN:779,mk_lib::secrets::tests::test_verify_vault_rejects_missing_directory
FN:270,mk_lib::secrets::resolve_secret_config::{closure#0}
FN:361,mk_lib::secrets::resolve_secret_config::{closure#26}
FN:263,mk_lib::secrets::resolve_secret_config
FN:323,mk_lib::secrets::resolve_secret_config::{closure#17}
FN:331,mk_lib::secrets::resolve_secret_config::{closure#18}
FN:445,mk_lib::secrets::load_secret_values::{closure#2}
FN:681,mk_lib::secrets::tests::test_vault_meta_roundtrip
FN:372,mk_lib::secrets::resolve_secret_config::{closure#28}
FN:327,mk_lib::secrets::resolve_secret_config::{closure#17}::{closure#1}
FN:304,mk_lib::secrets::resolve_secret_config::{closure#10}
FN:567,mk_lib::secrets::decrypt_with_gpg
FN:613,mk_lib::secrets::load_secret_key
FN:484,mk_lib::secrets::list_secret_paths
FN:747,mk_lib::secrets::tests::test_read_vault_gpg_key_id_invalid_toml
FN:311,mk_lib::secrets::resolve_secret_config::{closure#13}
FN:592,mk_lib::secrets::default_keys_location::{closure#1}
FN:735,mk_lib::secrets::tests::test_render_secret_path_uses_forward_slashes
FN:338,mk_lib::secrets::resolve_secret_config::{closure#19}::{closure#0}
FN:590,mk_lib::secrets::default_keys_location::{closure#0}
FN:312,mk_lib::secrets::resolve_secret_config::{closure#14}
FN:203,mk_lib::secrets::read_vault_backend::{closure#0}
FN:856,mk_lib::secrets::tests::test_secret_config_root_settings_allow_vault_metadata_backend
FN:526,mk_lib::secrets::default_vault_location
FNDA:0,mk_lib::secrets::default_keys_location::{closure#0}
FNDA:1,mk_lib::secrets::resolve_secret_config::{closure#21}
FNDA:1,mk_lib::secrets::resolve_secret_config::{closure#19}
FNDA:1,mk_lib::secrets::pick_setting::<str>
FNDA:0,mk_lib::secrets::decrypt_with_gpg::{closure#0}
FNDA:0,mk_lib::secrets::render_secret_path::{closure#0}
FNDA:1,mk_lib::secrets::tests::test_secret_settings_merge_prefers_overlay
FNDA:0,mk_lib::secrets::load_secret_values::{closure#1}
FNDA:1,mk_lib::secrets::resolve_secret_config::{closure#30}
FNDA:1,mk_lib::secrets::resolve_secret_config::{closure#27}
FNDA:1,mk_lib::secrets::resolve_secret_config::{closure#17}::{closure#0}
FNDA:0,mk_lib::secrets::resolve_secret_config::{closure#21}::{closure#0}
FNDA:1,mk_lib::secrets::tests::test_secret_config_legacy_vault_metadata_gpg_key_id_implies_gpg_backend
FNDA:1,<mk_lib::secrets::SecretSettings>::is_empty
FNDA:0,mk_lib::secrets::resolve_secret_config::{closure#27}
FNDA:0,mk_lib::secrets::resolve_secret_config::{closure#18}::{closure#0}
FNDA:1,mk_lib::secrets::read_vault_gpg_key_id
FNDA:1,mk_lib::secrets::infer_secret_backend::{closure#0}
FNDA:0,<mk_lib::secrets::SecretSettings>::resolved_backend
FNDA:1,<mk_lib::secrets::SecretSettings>::with_inferred_backend
FNDA:0,mk_lib::secrets::resolve_secret_config::{closure#18}::{closure#0}
FNDA:0,<mk_lib::secrets::SecretSettings>::merge
FNDA:1,mk_lib::secrets::tests::test_secret_config_explicit_gpg_key_id_overrides_metadata
FNDA:1,mk_lib::secrets::resolve_secret_config::{closure#4}
FNDA:0,mk_lib::secrets::resolve_secret_config::{closure#12}
FNDA:1,mk_lib::secrets::resolve_secret_config::{closure#7}
FNDA:1,mk_lib::secrets::resolve_secret_config::{closure#16}
FNDA:1,mk_lib::secrets::resolve_secret_config::{closure#15}
FNDA:1,mk_lib::secrets::infer_secret_backend
FNDA:1,mk_lib::secrets::resolve_secret_config::{closure#11}
FNDA:1,mk_lib::secrets::resolve_secret_config::{closure#16}::{closure#0}
FNDA:0,mk_lib::secrets::resolve_secret_config::{closure#6}
FNDA:1,mk_lib::secrets::resolve_secret_config
FNDA:1,mk_lib::secrets::merge_optional_secret_settings
FNDA:0,mk_lib::secrets::resolve_secret_config::{closure#16}::{closure#0}
FNDA:0,mk_lib::secrets::resolve_secret_config::{closure#14}
FNDA:1,mk_lib::secrets::resolve_secret_config::{closure#2}
FNDA:1,mk_lib::secrets::resolve_secret_config::{closure#12}
FNDA:0,mk_lib::secrets::resolve_secret_config::{closure#28}
FNDA:0,mk_lib::secrets::decrypt_with_gpg
FNDA:1,mk_lib::secrets::read_vault_meta
FNDA:0,mk_lib::secrets::collect_secret_paths
FNDA:1,<mk_lib::secrets::SecretSettings>::is_empty
FNDA:1,mk_lib::secrets::tests::test_vault_meta_overwrite
FNDA:0,mk_lib::secrets::resolve_secret_config::{closure#24}
FNDA:0,mk_lib::secrets::resolve_secret_config::{closure#1}
FNDA:0,<mk_lib::secrets::SecretConfig>::with_secrets_path
FNDA:0,mk_lib::secrets::load_secret_value
FNDA:0,mk_lib::secrets::resolve_secret_config::{closure#15}::{closure#0}
FNDA:0,mk_lib::secrets::list_secret_paths
FNDA:0,mk_lib::secrets::render_secret_path
FNDA:1,mk_lib::secrets::tests::test_verify_vault_accepts_existing_directory
FNDA:0,mk_lib::secrets::resolve_secret_config::{closure#1}
FNDA:0,mk_lib::secrets::resolve_secret_config::{closure#16}::{closure#1}
FNDA:1,mk_lib::secrets::default_keys_location
FNDA:1,mk_lib::secrets::load_secret_env
FNDA:1,mk_lib::secrets::resolve_secret_config::{closure#21}
FNDA:1,mk_lib::secrets::resolve_secret_config::{closure#17}::{closure#1}
FNDA:1,mk_lib::secrets::resolve_secret_config::{closure#19}::{closure#0}
FNDA:1,mk_lib::secrets::resolve_secret_config::{closure#15}
FNDA:0,mk_lib::secrets::resolve_secret_config::{closure#30}
FNDA:0,mk_lib::secrets::load_secret_values::{closure#1}
FNDA:1,mk_lib::secrets::default_keys_location::{closure#1}
FNDA:0,mk_lib::secrets::read_vault_backend::{closure#0}
FNDA:0,mk_lib::secrets::load_secret_values
FNDA:1,mk_lib::secrets::render_secret_path::{closure#0}
FNDA:1,mk_lib::secrets::resolve_secret_config::{closure#25}
FNDA:1,<mk_lib::secrets::SecretSettings>::resolved_backend
FNDA:0,mk_lib::secrets::load_secret_values::{closure#0}
FNDA:0,mk_lib::secrets::decrypt_with_gpg::{closure#0}
FNDA:1,mk_lib::secrets::resolve_secret_config::{closure#19}
FNDA:0,mk_lib::secrets::resolve_secret_config::{closure#17}::{closure#0}
FNDA:1,mk_lib::secrets::infer_secret_backend::{closure#0}
FNDA:1,<mk_lib::secrets::SecretSettings>::with_inferred_backend
FNDA:0,mk_lib::secrets::resolve_secret_config::{closure#31}
FNDA:0,mk_lib::secrets::check_gpg_available
FNDA:0,mk_lib::secrets::resolve_secret_config::{closure#16}::{closure#1}
FNDA:0,mk_lib::secrets::resolve_secret_config::{closure#6}
FNDA:0,mk_lib::secrets::resolve_secret_config::{closure#3}
FNDA:0,mk_lib::secrets::resolve_secret_config::{closure#31}
FNDA:1,mk_lib::secrets::resolve_secret_config::{closure#20}
FNDA:1,mk_lib::secrets::verify_vault
FNDA:1,mk_lib::secrets::read_vault_backend
FNDA:1,mk_lib::secrets::tests::test_vault_meta_toml_no_gpg_key_id
FNDA:1,mk_lib::secrets::resolve_secret_config::{closure#5}
FNDA:1,mk_lib::secrets::resolve_secret_config::{closure#22}
FNDA:1,mk_lib::secrets::tests::test_secret_config_key_name_custom
FNDA:1,mk_lib::secrets::tests::test_secret_config_key_name_default
FNDA:1,mk_lib::secrets::resolve_secret_config::{closure#23}
FNDA:1,mk_lib::secrets::resolve_secret_config::{closure#9}
FNDA:1,mk_lib::secrets::resolve_secret_config::{closure#22}::{closure#0}
FNDA:1,mk_lib::secrets::tests::test_read_vault_backend_infers_gpg_from_gpg_key_id
FNDA:0,mk_lib::secrets::load_secret_values::{closure#0}
FNDA:0,mk_lib::secrets::resolve_secret_config::{closure#15}::{closure#1}
FNDA:0,mk_lib::secrets::load_secret_key
FNDA:0,mk_lib::secrets::resolve_secret_config::{closure#21}::{closure#0}
FNDA:0,mk_lib::secrets::resolve_secret_config::{closure#18}
FNDA:1,mk_lib::secrets::write_vault_meta
FNDA:1,mk_lib::secrets::tests::test_secret_config_no_gpg_key_id
FNDA:1,<mk_lib::secrets::SecretSettings>::from_legacy
FNDA:0,mk_lib::secrets::resolve_secret_config::{closure#22}::{closure#0}
FNDA:1,mk_lib::secrets::tests::test_vault_meta_toml_with_gpg_key_id
FNDA:0,mk_lib::secrets::resolve_secret_config::{closure#25}
FNDA:0,mk_lib::secrets::read_vault_backend
FNDA:0,mk_lib::secrets::resolve_secret_config::{closure#5}
FNDA:0,mk_lib::secrets::collect_secret_paths::{closure#0}
FNDA:1,mk_lib::secrets::tests::test_secret_config_gpg_key_id_from_vault_metadata
FNDA:1,mk_lib::secrets::resolve_secret_config::{closure#22}
FNDA:1,mk_lib::secrets::tests::test_read_vault_gpg_key_id_missing_file
FNDA:1,mk_lib::secrets::resolve_secret_config::{closure#4}
FNDA:1,<mk_lib::secrets::SecretSettings>::from_legacy
FNDA:0,mk_lib::secrets::resolve_secret_config::{closure#9}
FNDA:0,mk_lib::secrets::resolve_secret_config::{closure#10}
FNDA:0,mk_lib::secrets::resolve_secret_config::{closure#23}::{closure#0}
FNDA:0,mk_lib::secrets::load_secret_values
FNDA:1,mk_lib::secrets::resolve_secret_config::{closure#23}::{closure#0}
FNDA:1,<mk_lib::secrets::SecretSettings>::merge
FNDA:0,mk_lib::secrets::resolve_secret_config::{closure#19}::{closure#0}::{closure#0}
FNDA:0,<mk_lib::secrets::SecretConfig>::with_secrets_path
FNDA:0,mk_lib::secrets::resolve_secret_config::{closure#13}
FNDA:1,mk_lib::secrets::resolve_secret_config::{closure#24}
FNDA:1,mk_lib::secrets::tests::test_secret_config_explicit_gpg_key_id
FNDA:1,mk_lib::secrets::resolve_secret_config::{closure#16}
FNDA:0,mk_lib::secrets::resolve_secret_config::{closure#15}::{closure#1}
FNDA:1,mk_lib::secrets::render_secret_path
FNDA:0,mk_lib::secrets::load_secret_values::{closure#2}
FNDA:0,mk_lib::secrets::load_secret_value
FNDA:0,mk_lib::secrets::resolve_secret_config::{closure#7}
FNDA:0,mk_lib::secrets::resolve_secret_config::{closure#26}
FNDA:1,mk_lib::secrets::pick_setting::<str>
FNDA:0,mk_lib::secrets::resolve_secret_config::{closure#11}
FNDA:0,mk_lib::secrets::resolve_secret_config::{closure#15}::{closure#0}
FNDA:1,mk_lib::secrets::resolve_secret_config::{closure#8}
FNDA:0,mk_lib::secrets::encrypt_with_gpg
FNDA:1,mk_lib::secrets::merge_optional_secret_settings
FNDA:0,mk_lib::secrets::encrypt_with_gpg
FNDA:1,mk_lib::secrets::load_secret_env
FNDA:0,mk_lib::secrets::verify_vault
FNDA:0,mk_lib::secrets::check_gpg_available
FNDA:0,mk_lib::secrets::collect_secret_paths::{closure#0}
FNDA:1,mk_lib::secrets::resolve_secret_config::{closure#23}
FNDA:0,mk_lib::secrets::write_vault_meta
FNDA:1,mk_lib::secrets::infer_secret_backend
FNDA:0,mk_lib::secrets::resolve_secret_config::{closure#20}
FNDA:0,mk_lib::secrets::resolve_secret_config::{closure#19}::{closure#0}::{closure#0}
FNDA:0,mk_lib::secrets::resolve_secret_config::{closure#0}
FNDA:0,mk_lib::secrets::resolve_secret_config::{closure#2}
FNDA:1,mk_lib::secrets::default_keys_location
FNDA:1,mk_lib::secrets::resolve_secret_config::{closure#17}
FNDA:1,mk_lib::secrets::read_vault_meta
FNDA:0,mk_lib::secrets::collect_secret_paths
FNDA:1,mk_lib::secrets::resolve_secret_config::{closure#3}
FNDA:0,mk_lib::secrets::resolve_secret_config::{closure#8}
FNDA:1,mk_lib::secrets::read_vault_gpg_key_id
FNDA:1,mk_lib::secrets::default_vault_location
FNDA:1,mk_lib::secrets::tests::test_verify_vault_rejects_missing_directory
FNDA:1,mk_lib::secrets::resolve_secret_config::{closure#0}
FNDA:0,mk_lib::secrets::resolve_secret_config::{closure#26}
FNDA:1,mk_lib::secrets::resolve_secret_config
FNDA:1,mk_lib::secrets::resolve_secret_config::{closure#17}
FNDA:0,mk_lib::secrets::resolve_secret_config::{closure#18}
FNDA:0,mk_lib::secrets::load_secret_values::{closure#2}
FNDA:1,mk_lib::secrets::tests::test_vault_meta_roundtrip
FNDA:1,mk_lib::secrets::resolve_secret_config::{closure#28}
FNDA:0,mk_lib::secrets::resolve_secret_config::{closure#17}::{closure#1}
FNDA:0,mk_lib::secrets::resolve_secret_config::{closure#10}
FNDA:0,mk_lib::secrets::decrypt_with_gpg
FNDA:0,mk_lib::secrets::load_secret_key
FNDA:0,mk_lib::secrets::list_secret_paths
FNDA:1,mk_lib::secrets::tests::test_read_vault_gpg_key_id_invalid_toml
FNDA:1,mk_lib::secrets::resolve_secret_config::{closure#13}
FNDA:0,mk_lib::secrets::default_keys_location::{closure#1}
FNDA:1,mk_lib::secrets::tests::test_render_secret_path_uses_forward_slashes
FNDA:0,mk_lib::secrets::resolve_secret_config::{closure#19}::{closure#0}
FNDA:0,mk_lib::secrets::default_keys_location::{closure#0}
FNDA:1,mk_lib::secrets::resolve_secret_config::{closure#14}
FNDA:1,mk_lib::secrets::read_vault_backend::{closure#0}
FNDA:1,mk_lib::secrets::tests::test_secret_config_root_settings_allow_vault_metadata_backend
FNDA:1,mk_lib::secrets::default_vault_location
FNF:179
FNH:93
BRF:0
BRH:0
DA:76,2524
DA:77,2524
DA:78,2496
DA:79,2490
DA:80,2490
DA:81,2490
DA:82,2490
DA:83,2524
DA:85,26
DA:86,26
DA:87,26
DA:88,24
DA:89,24
DA:90,26
DA:91,4
DA:92,22
DA:93,26
DA:94,8
DA:95,18
DA:96,26
DA:97,8
DA:98,18
DA:99,26
DA:100,16
DA:101,16
DA:102,26
DA:103,6
DA:104,20
DA:105,26
DA:106,26
DA:108,6696
DA:109,6696
DA:110,24
DA:111,6672
DA:112,6696
DA:113,6696
DA:115,10
DA:116,10
DA:117,10
DA:119,4354
DA:120,4354
DA:121,4354
DA:122,4354
DA:123,4354
DA:124,4354
DA:125,4354
DA:126,4354
DA:127,4240
DA:129,114
DA:132,4354
DA:133,4354
DA:134,4354
DA:135,4354
DA:136,4354
DA:137,4354
DA:138,4354
DA:139,4354
DA:140,4354
DA:141,4354
DA:144,2340
DA:145,2340
DA:146,2340
DA:147,2340
DA:148,2340
DA:149,24
DA:150,0
DA:151,2316
DA:152,0
DA:154,2340
DA:156,94
DA:157,94
DA:158,66
DA:159,2
DA:161,64
DA:163,66
DA:164,94
DA:188,114
DA:189,114
DA:190,46
DA:191,114
DA:195,26
DA:196,26
DA:197,26
DA:199,4
DA:200,4
DA:201,4
DA:202,4
DA:203,4
DA:204,4
DA:207,16
DA:208,16
DA:209,16
DA:210,16
DA:211,16
DA:212,16
DA:213,16
DA:214,16
DA:234,0
DA:235,0
DA:236,0
DA:237,0
DA:238,0
DA:241,168
DA:242,168
DA:243,168
DA:244,168
DA:245,168
DA:246,168
DA:247,168
DA:248,168
DA:249,2
DA:250,166
DA:251,166
DA:252,0
DA:253,166
DA:254,166
DA:255,0
DA:256,166
DA:257,166
DA:258,0
DA:259,166
DA:260,166
DA:261,168
DA:263,84
DA:264,84
DA:265,84
DA:266,84
DA:267,84
DA:268,84
DA:269,84
DA:270,84
DA:271,84
DA:272,84
DA:274,84
DA:275,84
DA:276,84
DA:277,84
DA:278,84
DA:279,84
DA:280,14
DA:281,70
DA:282,0
DA:283,70
DA:284,2
DA:286,68
DA:289,84
DA:291,84
DA:292,84
DA:293,84
DA:294,84
DA:295,84
DA:296,84
DA:297,84
DA:298,84
DA:301,84
DA:302,84
DA:303,84
DA:304,84
DA:305,84
DA:306,84
DA:307,84
DA:310,84
DA:311,84
DA:312,84
DA:313,84
DA:314,80
DA:315,80
DA:316,80
DA:317,80
DA:318,84
DA:319,80
DA:320,80
DA:321,80
DA:322,80
DA:323,84
DA:324,80
DA:325,80
DA:326,80
DA:327,80
DA:328,80
DA:330,84
DA:331,84
DA:332,0
DA:333,0
DA:334,0
DA:335,0
DA:336,0
DA:337,84
DA:338,84
DA:339,2
DA:340,2
DA:341,2
DA:342,2
DA:343,2
DA:344,84
DA:346,84
DA:347,84
DA:348,84
DA:349,84
DA:350,84
DA:351,84
DA:352,84
DA:353,84
DA:355,84
DA:356,84
DA:357,84
DA:359,4
DA:360,80
DA:361,80
DA:362,80
DA:364,0
DA:365,80
DA:366,80
DA:367,80
DA:369,0
DA:370,80
DA:371,80
DA:372,80
DA:373,80
DA:375,16
DA:376,64
DA:377,2
DA:378,2
DA:379,2
DA:380,2
DA:382,62
DA:386,84
DA:387,84
DA:388,84
DA:389,84
DA:390,84
DA:391,84
DA:392,84
DA:393,84
DA:394,84
DA:395,84
DA:396,84
DA:397,84
DA:398,84
DA:399,84
DA:400,84
DA:401,84
DA:403,84
DA:405,0
DA:406,0
DA:408,0
DA:409,0
DA:410,0
DA:414,0
DA:416,0
DA:417,0
DA:418,0
DA:419,0
DA:420,0
DA:422,0
DA:424,0
DA:425,0
DA:426,0
DA:427,0
DA:429,0
DA:430,0
DA:431,0
DA:433,0
DA:434,0
DA:437,0
DA:438,0
DA:439,0
DA:440,0
DA:441,0
DA:442,0
DA:443,0
DA:444,0
DA:445,0
DA:446,0
DA:448,0
DA:449,0
DA:450,0
DA:451,0
DA:452,0
DA:453,0
DA:454,0
DA:456,0
DA:459,0
DA:460,0
DA:464,0
DA:466,0
DA:467,0
DA:469,0
DA:470,0
DA:471,0
DA:472,0
DA:473,0
DA:477,0
DA:482,0
DA:484,0
DA:485,0
DA:487,0
DA:488,0
DA:489,0
DA:492,0
DA:493,0
DA:495,0
DA:497,0
DA:499,0
DA:500,0
DA:501,0
DA:502,0
DA:503,0
DA:504,0
DA:506,68
DA:507,68
DA:509,68
DA:510,0
DA:511,0
DA:512,0
DA:515,68
DA:516,68
DA:520,0
DA:521,0
DA:522,0
DA:523,0
DA:524,0
DA:526,84
DA:527,84
DA:528,84
DA:532,0
DA:533,0
DA:534,0
DA:535,0
DA:536,0
DA:537,0
DA:538,0
DA:539,0
DA:540,0
DA:541,0
DA:542,0
DA:543,0
DA:544,0
DA:545,0
DA:546,0
DA:547,0
DA:549,0
DA:550,0
DA:551,0
DA:552,0
DA:553,0
DA:555,0
DA:556,0
DA:557,0
DA:558,0
DA:559,0
DA:560,0
DA:561,0
DA:562,0
DA:563,0
DA:567,0
DA:568,0
DA:569,0
DA:570,0
DA:572,0
DA:573,0
DA:574,0
DA:575,0
DA:576,0
DA:577,0
DA:578,0
DA:579,0
DA:581,0
DA:582,0
DA:583,0
DA:584,0
DA:585,0
DA:586,0
DA:588,84
DA:589,84
DA:590,0
DA:592,84
DA:595,84
DA:596,84
DA:597,84
DA:598,84
DA:599,84
DA:600,84
DA:602,4
DA:603,4
DA:604,2
DA:606,2
DA:608,2
DA:610,2
DA:611,4
DA:613,0
DA:614,0
DA:615,0
DA:617,0
DA:619,0
DA:621,0
DA:622,0
DA:623,0
DA:626,0
DA:629,0
DA:631,0
DA:632,0
DA:633,0
DA:634,0
DA:635,0
DA:637,0
DA:638,0
DA:639,0
DA:640,0
DA:641,0
DA:642,0
DA:643,0
DA:648,0
DA:649,0
DA:650,0
DA:652,0
DA:653,0
DA:654,0
DA:655,0
DA:656,0
DA:659,0
DA:660,0
DA:662,2
DA:663,2
DA:664,2
DA:665,4
DA:666,2
DA:667,2
DA:668,2
DA:681,2
DA:682,2
DA:683,2
DA:686,2
DA:689,2
DA:690,2
DA:691,2
DA:692,2
DA:693,2
DA:694,2
DA:695,2
DA:696,2
DA:698,2
DA:701,2
DA:702,2
DA:703,2
DA:706,2
DA:707,2
DA:708,2
DA:710,2
DA:711,2
DA:712,2
DA:713,2
DA:714,2
DA:715,2
DA:716,2
DA:717,2
DA:719,2
DA:720,2
DA:721,2
DA:722,2
DA:723,2
DA:724,2
DA:725,2
DA:726,2
DA:727,2
DA:729,2
DA:731,2
DA:732,2
DA:735,2
DA:736,2
DA:737,2
DA:738,2
DA:741,2
DA:742,2
DA:743,2
DA:744,2
DA:747,2
DA:748,2
DA:749,2
DA:751,2
DA:752,2
DA:755,2
DA:756,2
DA:757,2
DA:758,2
DA:759,2
DA:760,2
DA:761,2
DA:762,2
DA:763,2
DA:764,2
DA:766,2
DA:768,2
DA:769,2
DA:772,2
DA:773,2
DA:775,2
DA:776,2
DA:779,2
DA:780,2
DA:781,2
DA:783,2
DA:785,2
DA:786,2
DA:789,2
DA:790,2
DA:791,2
DA:792,2
DA:795,2
DA:800,2
DA:801,2
DA:802,2
DA:803,2
DA:804,2
DA:805,2
DA:806,2
DA:807,2
DA:808,2
DA:809,2
DA:810,2
DA:811,2
DA:812,2
DA:813,2
DA:814,2
DA:815,2
DA:817,2
DA:818,2
DA:819,2
DA:822,2
DA:823,2
DA:824,2
DA:825,2
DA:826,2
DA:827,2
DA:828,2
DA:829,2
DA:830,2
DA:831,2
DA:832,2
DA:834,2
DA:836,2
DA:837,2
DA:838,2
DA:839,2
DA:840,2
DA:841,2
DA:842,2
DA:843,2
DA:844,2
DA:845,2
DA:846,2
DA:847,2
DA:848,2
DA:850,2
DA:851,2
DA:852,2
DA:853,2
DA:856,2
DA:857,2
DA:858,2
DA:859,2
DA:860,2
DA:861,2
DA:862,2
DA:863,2
DA:864,2
DA:865,2
DA:866,2
DA:868,2
DA:870,2
DA:871,2
DA:872,2
DA:873,2
DA:874,2
DA:875,2
DA:876,2
DA:877,2
DA:878,2
DA:879,2
DA:880,2
DA:881,2
DA:884,2
DA:885,2
DA:886,2
DA:887,2
DA:890,2
DA:891,2
DA:892,2
DA:893,2
DA:894,2
DA:895,2
DA:896,2
DA:897,2
DA:898,2
DA:899,2
DA:900,2
DA:902,2
DA:904,2
DA:905,2
DA:906,2
DA:907,2
DA:908,2
DA:909,2
DA:910,2
DA:911,2
DA:912,2
DA:913,2
DA:914,2
DA:915,2
DA:918,2
DA:919,2
DA:920,2
DA:921,2
DA:922,2
DA:925,2
DA:926,2
DA:927,2
DA:928,2
DA:929,2
DA:930,2
DA:931,2
DA:932,2
DA:933,2
DA:934,2
DA:935,2
DA:937,2
DA:939,2
DA:940,2
DA:941,2
DA:942,2
DA:943,2
DA:944,2
DA:945,2
DA:946,2
DA:947,2
DA:948,2
DA:949,2
DA:950,2
DA:951,2
DA:954,2
DA:955,2
DA:956,2
DA:959,2
DA:960,2
DA:961,2
DA:962,2
DA:964,2
DA:965,2
DA:966,2
DA:967,2
DA:968,2
DA:969,2
DA:970,2
DA:971,2
DA:972,2
DA:973,2
DA:974,2
DA:975,2
DA:977,2
DA:978,2
DA:979,2
DA:982,2
DA:983,2
DA:984,2
DA:985,2
DA:986,2
DA:987,2
DA:988,2
DA:989,2
DA:990,2
DA:991,2
DA:992,2
DA:993,2
DA:994,2
DA:995,2
DA:996,2
DA:997,2
DA:999,2
DA:1000,2
DA:1003,2
DA:1004,2
DA:1005,2
DA:1006,2
DA:1007,2
DA:1008,2
DA:1009,2
DA:1010,2
DA:1011,2
DA:1012,2
DA:1013,2
DA:1014,2
DA:1015,2
DA:1016,2
DA:1017,2
DA:1018,2
DA:1020,2
DA:1021,2
DA:1024,2
DA:1025,2
DA:1026,2
DA:1027,2
DA:1028,2
DA:1029,2
DA:1030,2
DA:1031,2
DA:1032,2
DA:1033,2
DA:1034,2
DA:1035,2
DA:1036,2
DA:1037,2
DA:1038,2
DA:1039,2
DA:1040,2
DA:1042,2
DA:1043,2
DA:1044,2
DA:1045,2
DA:1046,2
DA:1047,2
DA:1052,2
DA:1054,2
DA:1055,2
DA:1056,2
DA:1057,2
DA:1058,2
DA:1059,2
DA:1060,2
DA:1061,2
DA:1062,2
DA:1065,2
DA:1066,2
DA:1067,2
DA:1068,2
DA:1069,2
DA:1070,2
DA:1071,2
DA:1072,2
DA:1073,2
DA:1074,2
DA:1075,2
DA:1076,2
DA:1077,2
DA:1078,2
LF:744
LH:571
end_of_record
SF:src/schema/shell.rs
[...]
FN:612,<mk::cli_entry::CliEntry>::resolve_run_tasks::{closure#0}
FN:783,<mk::cli_entry::CliEntry>::task_selector_candidates::{closure#0}
FN:1570,mk::cli_entry::tests::expand
FNDA:0,<mk::cli_entry::CliEntry>::run::{closure#2}
FNDA:0,<mk::cli_entry::CliEntry>::augment_zsh_completion
FNDA:0,<mk::cli_entry::InitTemplateFormat>::render_lua
FNDA:1,<mk::cli_entry::CliEntry>::validate_config
FNDA:0,<mk::cli_entry::CliEntry>::sorted_tasks::{closure#1}
FNDA:0,<mk::cli_entry::InitTemplateFormat>::render_json
FNDA:0,<mk::cli_entry::CliEntry>::maybe_print_task_completion_from_env::{closure#0}
FNDA:0,<mk::cli_entry::CliEntry>::expand_hydra_aliases::<std::env::ArgsOs>::{closure#0}
FNDA:0,<mk::cli_entry::CliEntry>::completion_config_path::{closure#0}
FNDA:1,<mk::cli_entry::InitTemplateFormat>::from_path::{closure#0}
FNDA:1,<mk::cli_entry::CliEntry>::parse_args
FNDA:1,<mk::cli_entry::CliEntry>::print_json_value
FNDA:0,<mk::cli_entry::InitTemplateFormat>::render
FNDA:1,mk::cli_entry::tests::os
FNDA:1,mk::cli_entry::tests::hydra_unknown_token_passes_through_unchanged
FNDA:1,<mk::cli_entry::CliEntry>::run::{closure#1}
FNDA:0,<mk::cli_entry::InitTemplateFormat>::from_path
FNDA:1,mk::cli_entry::tests::hydra_sv_expands_to_secrets_vault_prefix
FNDA:1,<mk::cli_entry::CliEntry>::update_request_timeout
FNDA:1,mk::cli_entry::tests::expand::{closure#0}
FNDA:0,<mk::cli_entry::CliEntry>::maybe_print_task_completion_from_env::{closure#0}
FNDA:1,mk::cli_entry::tests::hydra_slk_expands_to_secrets_list_keys
FNDA:1,<mk::cli_entry::CliEntry>::run
FNDA:0,<mk::cli_entry::InitTemplateFormat>::render_lua
FNDA:1,<mk::cli_entry::CliEntry>::validate_config::{closure#1}
FNDA:1,<mk::cli_entry::CliEntry>::default_config_candidates
FNDA:0,<mk::cli_entry::CliEntry>::config_requested_explicitly::{closure#0}
FNDA:0,<mk::cli_entry::CliEntry>::print_plan
FNDA:0,<mk::cli_entry::CliEntry>::print_available_tasks::{closure#0}::{closure#0}
FNDA:1,<mk::cli_entry::CliEntry>::resolve_config
FNDA:1,<mk::cli_entry::CliEntry>::update_latest_release_url
FNDA:1,mk::cli_entry::tests::update_fetch_times_out_with_clear_error
FNDA:1,mk::cli_entry::tests::hydra_sk_expands_to_secrets_key
FNDA:0,<mk::cli_entry::CliEntry>::config_requested_explicitly::{closure#0}
FNDA:0,<mk::cli_entry::CliEntry>::update_latest_release_url::{closure#0}
FNDA:1,<mk::cli_entry::CliEntry>::write_completions
FNDA:1,<mk::cli_entry::CliEntry>::format_update_error::{closure#0}
FNDA:0,<mk::cli_entry::InitTemplateFormat>::render_json
FNDA:0,<mk::cli_entry::CliEntry>::select_run_task
FNDA:1,<mk::cli_entry::CliEntry>::filtered_tasks
FNDA:1,<mk::cli_entry::CliEntry>::fetch_latest_version
FNDA:1,<mk::cli_entry::CliEntry>::filtered_tasks
FNDA:0,<mk::cli_entry::CliEntry>::write_completions
FNDA:0,<mk::cli_entry::CliEntry>::new
FNDA:1,mk::cli_entry::tests::hydra_sd_expands_to_secrets_doctor
FNDA:1,mk::cli_entry::tests::update_fetch_times_out_with_clear_error::{closure#0}
FNDA:1,<mk::cli_entry::CliEntry>::task_selector_candidates
FNDA:0,<mk::cli_entry::CliEntry>::format_update_error
FNDA:0,<mk::cli_entry::CliEntry>::completion_config_path
FNDA:0,<mk::cli_entry::CliEntry>::augment_zsh_completion
FNDA:0,<mk::cli_entry::CliEntry>::config_requested_explicitly
FNDA:1,<mk::cli_entry::CliEntry>::resolve_run_tasks
FNDA:1,mk::cli_entry::tests::init_rejects_unsupported_output_paths
FNDA:1,mk::cli_entry::tests::hydra_svi_expands_to_secrets_vault_init_vault
FNDA:0,<mk::cli_entry::InitTemplateFormat>::render_toml
FNDA:0,<mk::cli_entry::CliEntry>::validate_config::{closure#2}
FNDA:1,<mk::cli_entry::InitTemplateFormat>::from_path
FNDA:1,<mk::cli_entry::CliEntry>::print_plan
FNDA:0,<mk::cli_entry::InitTemplateFormat>::render_yaml
FNDA:0,<mk::cli_entry::InitTemplateFormat>::render_toml
FNDA:0,<mk::cli_entry::InitTemplateFormat>::from_path::{closure#0}
FNDA:1,<mk::cli_entry::CliEntry>::expand_hydra_aliases::<std::env::ArgsOs>
FNDA:0,<mk::cli_entry::InitTemplateFormat>::push_shared_flags
FNDA:1,<mk::cli_entry::CliEntry>::sorted_tasks::{closure#1}
FNDA:0,<mk::cli_entry::CliEntry>::print_json::<mk_lib::schema::plan::TaskPlan>
FNDA:1,mk::cli_entry::tests::hydra_se_expands_to_secrets_export_secret
FNDA:0,<mk::cli_entry::CliEntry>::validate_config::{closure#2}
FNDA:1,<mk::cli_entry::CliEntry>::update_latest_release_url
FNDA:0,<mk::cli_entry::InitTemplateFormat>::render
FNDA:0,<mk::cli_entry::CliEntry>::validate_config
FNDA:0,<mk::cli_entry::CliEntry>::run
FNDA:1,<mk::cli_entry::CliEntry>::sorted_tasks::{closure#0}
FNDA:0,<mk::cli_entry::InitTemplateFormat>::render_yaml
FNDA:0,<mk::cli_entry::CliEntry>::completion_config_path
FNDA:1,<mk::cli_entry::CliEntry>::print_plan_text
FNDA:0,<mk::cli_entry::CliEntry>::task_selector_candidates
FNDA:1,<mk::cli_entry::CliEntry>::update_connect_timeout
FNDA:0,<mk::cli_entry::CliEntry>::config_requested_explicitly
FNDA:1,<mk::cli_entry::CliEntry>::print_json::<mk_lib::schema::validation::ValidationReport>
FNDA:0,<mk::cli_entry::CliEntry>::format_update_error::{closure#2}
FNDA:0,<mk::cli_entry::CliEntry>::run_task
FNDA:1,<mk::cli_entry::CliEntry>::format_update_error::{closure#2}
FNDA:1,<mk::cli_entry::CliEntry>::update_connect_timeout
FNDA:1,mk::cli_entry::tests::hydra_svl_expands_to_secrets_vault_list_secrets
FNDA:0,<mk::cli_entry::CliEntry>::print_available_tasks::{closure#0}
FNDA:1,<mk::cli_entry::CliEntry>::validate_config::{closure#0}
FNDA:1,<mk::cli_entry::CliEntry>::build_update_client
FNDA:1,<mk::cli_entry::CliEntry>::canonicalize_json::{closure#0}
FNDA:0,<mk::cli_entry::CliEntry>::run::{closure#0}
FNDA:0,<mk::cli_entry::CliEntry>::maybe_print_task_completion_from_env
FNDA:0,<mk::cli_entry::CliEntry>::augment_fish_completion
FNDA:0,<mk::cli_entry::CliEntry>::format_update_error::{closure#1}
FNDA:1,mk::cli_entry::tests::hydra_svp_expands_to_secrets_vault_purge_secret
FNDA:1,<mk::cli_entry::CliEntry>::sorted_tasks
FNDA:1,<mk::cli_entry::CliEntry>::fetch_latest_version
FNDA:1,mk::cli_entry::tests::update_fetch_surfaces_api_error_details
FNDA:1,<mk::cli_entry::CliEntry>::sorted_tasks::{closure#0}
FNDA:0,<mk::cli_entry::CliEntry>::validate_config::{closure#3}
FNDA:1,<mk::cli_entry::CliEntry>::print_available_tasks::{closure#0}::{closure#0}
FNDA:0,<mk::cli_entry::CliEntry>::expand_hydra_aliases::<std::env::ArgsOs>::{closure#0}
FNDA:1,<mk::cli_entry::CliEntry>::print_available_tasks::{closure#0}
FNDA:1,<mk::cli_entry::CliEntry>::new
FNDA:1,mk::cli_entry::tests::hydra_config_flag_preserved_before_hydra_token
FNDA:0,<mk::cli_entry::CliEntry>::filtered_tasks::{closure#0}
FNDA:0,<mk::cli_entry::CliEntry>::print_json::<alloc::vec::Vec<serde_json::value::Value>>
FNDA:1,<mk::cli_entry::CliEntry>::resolve_config
FNDA:0,<mk::cli_entry::CliEntry>::augment_completion_script
FNDA:0,<mk::cli_entry::CliEntry>::absolute_config_path
FNDA:0,<mk::cli_entry::CliEntry>::update_mk
FNDA:1,<mk::cli_entry::CliEntry>::format_update_error::{closure#1}
FNDA:0,<mk::cli_entry::CliEntry>::print_json_value
FNDA:1,mk::cli_entry::tests::hydra_svls_expands_to_secrets_vault_list_secrets
FNDA:1,<mk::cli_entry::CliEntry>::augment_bash_completion
FNDA:0,<mk::cli_entry::CliEntry>::canonicalize_json::{closure#0}
FNDA:1,<mk::cli_entry::CliEntry>::run_task
FNDA:1,mk::cli_entry::tests::update_fetch_surfaces_api_error_details::{closure#0}
FNDA:1,<mk::cli_entry::CliEntry>::augment_completion_script
FNDA:1,<mk::cli_entry::CliEntry>::print_json::<alloc::vec::Vec<serde_json::value::Value>>
FNDA:1,mk::cli_entry::tests::hydra_svst_expands_to_secrets_vault_store_secret
FNDA:0,<mk::cli_entry::CliEntry>::expand_hydra_aliases::<std::env::ArgsOs>
FNDA:0,<mk::cli_entry::CliEntry>::ensure_init_path_supported
FNDA:1,<mk::cli_entry::CliEntry>::update_mk
FNDA:1,<mk::cli_entry::CliEntry>::task_selector_candidates::{closure#0}
FNDA:1,<mk::cli_entry::CliEntry>::canonicalize_json
FNDA:1,<mk::cli_entry::CliEntry>::print_available_tasks::{closure#0}::{closure#1}
FNDA:0,<mk::cli_entry::CliEntry>::absolute_config_path
FNDA:1,<mk::cli_entry::CliEntry>::build_update_client
FNDA:0,<mk::cli_entry::CliEntry>::print_available_tasks::{closure#0}::{closure#1}
FNDA:1,<mk::cli_entry::CliEntry>::expand_hydra_aliases::<core::iter::adapters::map::Map<core::slice::iter::Iter<&str>, mk::cli_entry::tests::expand::{closure#0}>>
FNDA:0,<mk::cli_entry::CliEntry>::validate_config::{closure#0}
FNDA:1,mk::cli_entry::tests::hydra_sve_expands_to_secrets_vault_export_secret
FNDA:0,<mk::cli_entry::CliEntry>::default_config_candidates
FNDA:0,<mk::cli_entry::CliEntry>::print_plan_text
FNDA:1,mk::cli_entry::tests::init_accepts_supported_output_paths
FNDA:0,<mk::cli_entry::CliEntry>::build_init_contents
FNDA:1,mk::cli_entry::tests::task_selector_candidates_use_description_fallback
FNDA:0,<mk::cli_entry::CliEntry>::build_init_contents
FNDA:1,<mk::cli_entry::CliEntry>::ensure_init_path_supported
FNDA:1,<mk::cli_entry::CliEntry>::print_available_tasks
FNDA:1,<mk::cli_entry::CliEntry>::filtered_tasks::{closure#0}
FNDA:0,<mk::cli_entry::CliEntry>::format_update_error::{closure#0}
FNDA:0,<mk::cli_entry::CliEntry>::parse_args
FNDA:1,<mk::cli_entry::CliEntry>::update_request_timeout
FNDA:0,<mk::cli_entry::CliEntry>::update_latest_release_url::{closure#0}
FNDA:0,<mk::cli_entry::CliEntry>::validate_config::{closure#1}
FNDA:0,<mk::cli_entry::CliEntry>::resolve_run_tasks::{closure#0}
FNDA:0,<mk::cli_entry::CliEntry>::resolve_run_tasks
FNDA:1,<mk::cli_entry::CliEntry>::expand_hydra_aliases::<core::iter::adapters::map::Map<core::slice::iter::Iter<&str>, mk::cli_entry::tests::expand::{closure#0}>>::{closure#0}
FNDA:0,<mk::cli_entry::CliEntry>::run::{closure#1}
FNDA:0,<mk::cli_entry::CliEntry>::select_run_task
FNDA:0,<mk::cli_entry::CliEntry>::augment_fish_completion
FNDA:1,mk::cli_entry::tests::hydra_si_expands_to_secrets_init_vault
FNDA:0,<mk::cli_entry::CliEntry>::print_available_tasks
FNDA:1,mk::cli_entry::tests::update_url_can_be_overridden_for_tests
FNDA:1,<mk::cli_entry::CliEntry>::format_update_error
FNDA:1,mk::cli_entry::tests::expand::{closure#1}
FNDA:0,<mk::cli_entry::CliEntry>::completion_config_path::{closure#0}
FNDA:1,mk::cli_entry::tests::hydra_svsh_expands_to_secrets_vault_show_secret
FNDA:1,mk::cli_entry::tests::default_config_candidates_include_supported_formats
FNDA:1,<mk::cli_entry::CliEntry>::print_json::<mk_lib::schema::plan::TaskPlan>
FNDA:1,<mk::cli_entry::CliEntry>::run::{closure#2}
FNDA:1,<mk::cli_entry::CliEntry>::maybe_print_task_completion_from_env
FNDA:0,<mk::cli_entry::CliEntry>::validate_config::{closure#3}
FNDA:1,mk::cli_entry::tests::clean_cache_allows_missing_config
FNDA:1,<mk::cli_entry::CliEntry>::run::{closure#0}
FNDA:0,<mk::cli_entry::InitTemplateFormat>::push_shared_flags
FNDA:0,<mk::cli_entry::CliEntry>::canonicalize_json
FNDA:0,<mk::cli_entry::CliEntry>::print_json::<mk_lib::schema::validation::ValidationReport>
FNDA:1,<mk::cli_entry::CliEntry>::sorted_tasks
FNDA:0,<mk::cli_entry::CliEntry>::augment_bash_completion
FNDA:1,mk::cli_entry::tests::update_timeouts_stay_bounded
FNDA:1,<mk::cli_entry::CliEntry>::resolve_run_tasks::{closure#0}
FNDA:0,<mk::cli_entry::CliEntry>::task_selector_candidates::{closure#0}
FNDA:1,mk::cli_entry::tests::expand
FNF:174
FNH:92
BRF:0
BRH:0
DA:195,53
DA:196,53
DA:197,53
DA:198,0
DA:200,0
DA:201,0
DA:202,0
DA:203,0
DA:205,0
DA:208,0
DA:209,0
DA:211,0
DA:212,0
DA:213,0
DA:214,0
DA:215,0
DA:216,0
DA:217,0
DA:218,0
DA:221,0
DA:222,53
DA:225,53
DA:226,53
DA:227,53
DA:229,45
DA:230,45
DA:232,45
DA:233,1
DA:234,1
DA:235,0
DA:236,1
DA:237,1
DA:238,44
DA:240,44
DA:241,44
DA:243,0
DA:244,0
DA:245,0
DA:246,0
DA:248,43
DA:249,45
DA:251,53
DA:252,53
DA:253,53
DA:255,68
DA:256,68
DA:257,68
DA:259,68
DA:260,68
DA:261,68
DA:263,68
DA:264,68
DA:266,216
DA:267,216
DA:268,41
DA:269,41
DA:270,41
DA:271,175
DA:273,175
DA:274,108
DA:275,41
DA:276,41
DA:277,41
DA:278,67
DA:280,67
DA:281,0
DA:282,0
DA:283,67
DA:289,67
DA:291,67
DA:292,64
DA:293,63
DA:294,62
DA:295,61
DA:296,60
DA:298,59
DA:300,58
DA:301,57
DA:302,56
DA:303,55
DA:304,54
DA:305,53
DA:307,67
DA:308,36
DA:309,14
DA:310,14
DA:311,53
DA:313,53
DA:314,50
DA:315,50
DA:316,67
DA:318,120
DA:321,68
DA:322,68
DA:324,46
DA:325,46
DA:326,46
DA:327,0
DA:328,0
DA:329,0
DA:330,0
DA:331,0
DA:332,0
DA:334,46
DA:336,46
DA:337,42
DA:343,42
DA:344,0
DA:346,46
DA:347,46
DA:349,0
DA:350,0
DA:351,0
DA:352,0
DA:354,0
DA:355,0
DA:356,0
DA:358,1
DA:359,1
DA:360,1
DA:361,1
DA:362,1
DA:363,1
DA:364,1
DA:365,1
DA:366,1
DA:367,1
DA:368,1
DA:369,1
DA:370,1
DA:371,1
DA:373,0
DA:374,0
DA:375,0
DA:377,0
DA:379,0
DA:381,0
DA:382,0
DA:383,0
DA:384,0
DA:386,0
DA:387,0
DA:388,0
DA:390,0
DA:391,0
DA:392,0
DA:393,0
DA:394,0
DA:395,0
DA:397,0
DA:398,0
DA:399,0
DA:400,0
DA:402,0
DA:403,0
DA:404,0
DA:405,0
DA:408,0
DA:409,0
DA:410,0
DA:411,0
DA:412,0
DA:413,0
DA:414,0
DA:416,0
DA:418,0
DA:419,0
DA:422,43
DA:423,40
DA:424,0
DA:425,0
DA:426,0
DA:428,0
DA:431,0
DA:432,0
DA:433,0
DA:435,0
DA:436,0
DA:438,0
DA:439,0
DA:442,12
DA:443,12
DA:444,12
DA:445,12
DA:446,12
DA:447,12
DA:449,12
DA:450,12
DA:451,0
DA:453,12
DA:455,7
DA:456,1
DA:457,1
DA:460,7
DA:461,7
DA:466,10
DA:467,10
DA:468,10
DA:469,10
DA:471,10
DA:472,10
DA:474,1
DA:475,1
DA:477,8
DA:478,8
DA:481,7
DA:482,7
DA:483,7
DA:485,7
DA:486,7
DA:487,7
DA:488,7
DA:491,0
DA:492,0
DA:495,1
DA:498,0
DA:499,0
DA:502,1
DA:503,1
DA:504,1
DA:507,3
DA:508,3
DA:510,0
DA:515,26
DA:516,43
DA:518,10
DA:519,10
DA:520,10
DA:522,11
DA:523,11
DA:524,11
DA:525,11
DA:526,11
DA:528,817
DA:529,817
DA:530,107
DA:531,107
DA:533,235
DA:534,235
DA:535,832
DA:536,235
DA:537,624
DA:538,624
DA:539,624
DA:540,235
DA:542,475
DA:544,817
DA:546,1
DA:547,1
DA:548,1
DA:549,1
DA:552,1
DA:555,1
DA:556,1
DA:560,0
DA:561,0
DA:563,0
DA:564,0
DA:565,0
DA:566,0
DA:567,0
DA:568,0
DA:569,0
DA:570,0
DA:571,0
DA:572,0
DA:576,0
DA:577,0
DA:578,0
DA:579,0
DA:580,0
DA:581,0
DA:582,0
DA:583,0
DA:584,0
DA:588,0
DA:589,1
DA:593,19
DA:594,19
DA:595,19
DA:596,19
DA:597,19
DA:598,19
DA:599,9
DA:600,0
DA:601,9
DA:602,9
DA:603,10
DA:605,10
DA:606,5
DA:607,5
DA:609,5
DA:610,5
DA:611,5
DA:612,6
DA:613,5
DA:615,5
DA:616,1
DA:617,4
DA:619,4
DA:620,19
DA:622,0
DA:623,0
DA:625,0
DA:626,0
DA:627,0
DA:628,0
DA:629,0
DA:630,0
DA:632,0
DA:633,0
DA:634,0
DA:636,0
DA:637,0
DA:640,10
DA:641,10
DA:642,10
DA:643,10
DA:644,10
DA:647,0
DA:648,0
DA:649,0
DA:650,0
DA:651,0
DA:652,0
DA:653,0
DA:655,6
DA:656,6
DA:657,5
DA:658,6
DA:660,2
DA:661,2
DA:662,2
DA:664,2
DA:665,2
DA:666,2
DA:668,2
DA:669,2
DA:670,2
DA:671,2
DA:673,3
DA:674,3
DA:675,3
DA:676,3
DA:677,3
DA:678,3
DA:679,3
DA:680,3
DA:682,3
DA:683,3
DA:684,3
DA:685,3
DA:686,3
DA:687,3
DA:688,3
DA:690,1
DA:691,1
DA:692,1
DA:694,1
DA:695,1
DA:696,0
DA:698,0
DA:699,0
DA:701,0
DA:702,3
DA:704,1
DA:705,1
DA:707,1
DA:708,1
DA:709,1
DA:710,1
DA:711,1
DA:712,1
DA:713,1
DA:715,0
DA:716,0
DA:717,0
DA:718,0
DA:720,0
DA:722,0
DA:723,0
DA:726,1
DA:727,1
DA:728,1
DA:729,1
DA:730,1
DA:731,1
DA:733,1
DA:734,1
DA:735,0
DA:738,0
DA:742,1
DA:745,1
DA:747,1
DA:750,1
DA:752,16
DA:753,16
DA:754,16
DA:755,16
DA:756,16
DA:757,35
DA:758,16
DA:759,26
DA:760,16
DA:761,16
DA:763,16
DA:764,16
DA:765,7
DA:766,9
DA:767,9
DA:768,9
DA:769,9
DA:770,22
DA:771,22
DA:773,0
DA:774,22
DA:775,9
DA:776,16
DA:778,1
DA:779,1
DA:780,1
DA:781,1
DA:782,1
DA:783,1
DA:784,0
DA:785,0
DA:786,1
DA:788,1
DA:789,1
DA:790,1
DA:793,10
DA:794,10
DA:795,10
DA:796,10
DA:797,10
DA:798,10
DA:799,10
DA:800,10
DA:801,4
DA:802,4
DA:803,4
DA:804,8
DA:805,8
DA:806,8
DA:807,8
DA:808,8
DA:809,8
DA:810,8
DA:811,8
DA:812,8
DA:813,8
DA:814,8
DA:815,8
DA:818,0
DA:819,0
DA:820,0
DA:821,0
DA:824,8
DA:825,4
DA:826,4
DA:828,6
DA:829,6
DA:830,2
DA:832,2
DA:833,2
DA:834,2
DA:835,0
DA:836,2
DA:837,2
DA:838,2
DA:839,2
DA:840,4
DA:841,6
DA:843,9
DA:844,9
DA:845,9
DA:846,9
DA:847,0
DA:848,0
DA:851,6
DA:854,10
DA:855,10
DA:857,1
DA:858,1
DA:859,1
DA:860,1
DA:861,1
DA:862,1
DA:864,1
DA:865,1
DA:867,1
DA:868,1
DA:869,1
DA:870,0
DA:871,0
DA:872,0
DA:874,1
DA:876,1
DA:877,1
DA:878,1
DA:994,1
DA:996,0
DA:997,0
DA:1060,0
DA:1062,0
DA:1063,0
DA:1064,0
DA:1176,0
DA:1178,8
DA:1179,8
DA:1180,8
DA:1181,2
DA:1182,6
DA:1183,5
DA:1184,5
DA:1185,5
DA:1186,5
DA:1187,5
DA:1188,5
DA:1189,5
DA:1190,5
DA:1191,5
DA:1192,5
DA:1193,5
DA:1194,5
DA:1195,5
DA:1196,5
DA:1198,5
DA:1199,5
DA:1200,0
DA:1205,5
DA:1208,1
DA:1209,1
DA:1210,0
DA:1211,1
DA:1212,1
DA:1213,0
DA:1214,0
DA:1215,0
DA:1216,0
DA:1217,0
DA:1218,0
DA:1219,0
DA:1220,0
DA:1221,0
DA:1222,0
DA:1223,0
DA:1225,0
DA:1226,0
DA:1227,0
DA:1232,0
DA:1236,8
DA:1237,7
DA:1238,1
DA:1240,1
DA:1241,8
DA:1243,8
DA:1244,8
DA:1245,8
DA:1246,4
DA:1247,4
DA:1248,4
DA:1249,4
DA:1250,8
DA:1251,8
DA:1253,4
DA:1254,4
DA:1255,4
DA:1257,5
DA:1258,5
DA:1259,5
DA:1260,5
DA:1261,2
DA:1262,2
DA:1263,2
DA:1264,3
DA:1265,5
DA:1267,5
DA:1268,5
DA:1269,0
DA:1272,5
DA:1273,1
DA:1274,4
DA:1275,5
DA:1276,5
DA:1277,5
DA:1278,5
DA:1279,0
DA:1280,5
DA:1281,5
DA:1283,4
DA:1295,6
DA:1296,6
DA:1297,6
DA:1298,4
DA:1299,3
DA:1300,2
DA:1301,1
DA:1306,6
DA:1308,0
DA:1309,0
DA:1310,0
DA:1311,0
DA:1312,0
DA:1313,0
DA:1315,0
DA:1317,0
DA:1318,0
DA:1319,0
DA:1320,0
DA:1321,0
DA:1322,0
DA:1323,0
DA:1324,0
DA:1325,0
DA:1326,0
DA:1327,0
DA:1328,0
DA:1329,0
DA:1330,0
DA:1332,0
DA:1333,0
DA:1334,0
DA:1335,0
DA:1336,0
DA:1337,0
DA:1338,0
DA:1339,0
DA:1341,0
DA:1342,0
DA:1343,0
DA:1344,0
DA:1345,0
DA:1346,0
DA:1347,0
DA:1348,0
DA:1349,0
DA:1350,0
DA:1351,0
DA:1352,0
DA:1353,0
DA:1354,0
DA:1355,0
DA:1356,0
DA:1357,0
DA:1358,0
DA:1360,0
DA:1361,0
DA:1362,0
DA:1363,0
DA:1364,0
DA:1365,0
DA:1366,0
DA:1367,0
DA:1368,0
DA:1369,0
DA:1370,0
DA:1371,0
DA:1372,0
DA:1374,0
DA:1375,0
DA:1376,0
DA:1377,0
DA:1378,0
DA:1379,0
DA:1380,0
DA:1381,0
DA:1382,0
DA:1383,0
DA:1384,0
DA:1385,0
DA:1386,0
DA:1387,0
DA:1388,0
DA:1389,0
DA:1390,0
DA:1391,0
DA:1392,0
DA:1393,0
DA:1394,0
DA:1395,0
DA:1396,0
DA:1430,1
DA:1431,1
DA:1432,1
DA:1433,1
DA:1434,1
DA:1435,1
DA:1438,1
DA:1439,1
DA:1440,1
DA:1441,1
DA:1442,1
DA:1443,1
DA:1444,1
DA:1447,1
DA:1448,1
DA:1449,1
DA:1450,1
DA:1451,1
DA:1452,1
DA:1454,1
DA:1455,1
DA:1456,1
DA:1459,1
DA:1460,1
DA:1461,1
DA:1462,1
DA:1464,1
DA:1465,1
DA:1466,1
DA:1468,1
DA:1471,1
DA:1472,1
DA:1473,1
DA:1474,1
DA:1476,1
DA:1477,1
DA:1478,1
DA:1479,1
DA:1480,1
DA:1481,1
DA:1482,1
DA:1484,1
DA:1486,1
DA:1487,1
DA:1488,1
DA:1490,1
DA:1491,1
DA:1493,1
DA:1494,1
DA:1495,1
DA:1497,1
DA:1498,1
DA:1501,1
DA:1502,1
DA:1503,1
DA:1504,1
DA:1506,1
DA:1507,1
DA:1508,1
DA:1509,1
DA:1510,1
DA:1511,1
DA:1512,1
DA:1513,1
DA:1522,1
DA:1526,1
DA:1527,1
DA:1529,1
DA:1531,1
DA:1532,1
DA:1533,1
DA:1535,1
DA:1536,1
DA:1537,1
DA:1539,1
DA:1540,1
DA:1541,1
DA:1542,1
DA:1544,1
DA:1545,1
DA:1548,1
DA:1549,1
DA:1550,1
DA:1551,1
DA:1552,1
DA:1553,1
DA:1554,1
DA:1555,1
DA:1556,1
DA:1559,1
DA:1560,1
DA:1561,1
DA:1562,1
DA:1563,1
DA:1564,1
DA:1566,46
DA:1567,46
DA:1568,46
DA:1570,15
DA:1571,46
DA:1572,15
DA:1573,68
DA:1574,15
DA:1575,15
DA:1578,1
DA:1579,1
DA:1580,1
DA:1583,1
DA:1586,1
DA:1587,1
DA:1588,1
DA:1591,1
DA:1592,1
DA:1593,1
DA:1596,1
DA:1599,1
DA:1600,1
DA:1601,1
DA:1604,1
DA:1605,1
DA:1606,1
DA:1609,1
DA:1612,1
DA:1613,1
DA:1614,1
DA:1617,1
DA:1620,1
DA:1621,1
DA:1622,1
DA:1625,1
DA:1628,1
DA:1629,1
DA:1630,1
DA:1641,1
DA:1644,1
DA:1645,1
DA:1646,1
DA:1649,1
DA:1652,1
DA:1653,1
DA:1654,1
DA:1657,1
DA:1658,1
DA:1659,1
DA:1662,1
DA:1663,1
DA:1664,1
DA:1667,1
DA:1668,1
DA:1669,1
DA:1679,1
DA:1682,1
DA:1683,1
DA:1684,1
DA:1687,1
DA:1690,1
DA:1691,1
DA:1692,1
DA:1695,1
DA:1696,1
DA:1697,1
DA:1698,1
DA:1699,1
DA:1700,1
DA:1701,1
DA:1702,1
DA:1703,1
DA:1704,1
DA:1705,1
DA:1706,1
DA:1707,1
DA:1709,1
DA:1710,1
DA:1711,1
DA:1712,1
DA:1713,1
LF:858
LH:589
end_of_record
SF:src/cli/bin/secrets/vault/purge_secrets.rs
FN:22,<mk::secrets::vault::purge_secrets::PurgeSecret>::execute
FN:22,<mk::secrets::vault::purge_secrets::PurgeSecret>::execute
FNDA:0,<mk::secrets::vault::purge_secrets::PurgeSecret>::execute
FNDA:0,<mk::secrets::vault::purge_secrets::PurgeSecret>::execute
FNF:2
FNH:0
BRF:0
BRH:0
DA:22,0
DA:23,0
DA:25,0
DA:26,0
DA:28,0
DA:29,0
DA:33,0
DA:34,0
DA:36,0
DA:38,0
DA:39,0
DA:40,0
DA:41,0
DA:42,0
DA:46,0
DA:47,0
DA:48,0
DA:49,0
DA:50,0
DA:51,0
DA:52,0
DA:53,0
DA:54,0
DA:55,0
DA:56,0
LF:25
LH:0
end_of_record
